<?xml version="1.0" encoding="utf-8"?>
<coverage line-rate="0.3666" branch-rate="0.3333" version="1.9" timestamp="1699443617" lines-covered="11" lines-valid="30" branches-covered="4" branches-valid="12">
  <sources>
    <source>C:\Algorithms\04_Dynamic Programming\MaxSubsetSumNoAdjacent\</source>
  </sources>
  <packages>
    <package name="MaxSubsetSumNoAdjacent" line-rate="0.3666" branch-rate="0.3333" complexity="12">
      <classes>
        <class name="MaxSubsetSumNoAdjacent.MaxSubsetSumNoAdjacentClass" filename="MaxSubsetSumNoAdjacentClass.cs" line-rate="0.7333" branch-rate="0.6666" complexity="6">
          <methods>
            <method name="MaxSubsetSumNoAdjacent" signature="(System.Int32[])" line-rate="0.7333" branch-rate="0.6666" complexity="6">
              <lines>
                <line number="7" hits="1" branch="False" />
                <line number="8" hits="1" branch="True" condition-coverage="50% (1/2)">
                  <conditions>
                    <condition number="8" type="jump" coverage="50%" />
                  </conditions>
                </line>
                <line number="9" hits="0" branch="False" />
                <line number="10" hits="0" branch="False" />
                <line number="12" hits="1" branch="True" condition-coverage="50% (1/2)">
                  <conditions>
                    <condition number="23" type="jump" coverage="50%" />
                  </conditions>
                </line>
                <line number="13" hits="0" branch="False" />
                <line number="14" hits="0" branch="False" />
                <line number="16" hits="1" branch="False" />
                <line number="17" hits="1" branch="False" />
                <line number="18" hits="10" branch="True" condition-coverage="100% (2/2)">
                  <conditions>
                    <condition number="108" type="jump" coverage="100%" />
                  </conditions>
                </line>
                <line number="19" hits="4" branch="False" />
                <line number="20" hits="4" branch="False" />
                <line number="21" hits="4" branch="False" />
                <line number="22" hits="1" branch="False" />
                <line number="23" hits="1" branch="False" />
              </lines>
            </method>
          </methods>
          <lines>
            <line number="7" hits="1" branch="False" />
            <line number="8" hits="1" branch="True" condition-coverage="50% (1/2)">
              <conditions>
                <condition number="8" type="jump" coverage="50%" />
              </conditions>
            </line>
            <line number="9" hits="0" branch="False" />
            <line number="10" hits="0" branch="False" />
            <line number="12" hits="1" branch="True" condition-coverage="50% (1/2)">
              <conditions>
                <condition number="23" type="jump" coverage="50%" />
              </conditions>
            </line>
            <line number="13" hits="0" branch="False" />
            <line number="14" hits="0" branch="False" />
            <line number="16" hits="1" branch="False" />
            <line number="17" hits="1" branch="False" />
            <line number="18" hits="10" branch="True" condition-coverage="100% (2/2)">
              <conditions>
                <condition number="108" type="jump" coverage="100%" />
              </conditions>
            </line>
            <line number="19" hits="4" branch="False" />
            <line number="20" hits="4" branch="False" />
            <line number="21" hits="4" branch="False" />
            <line number="22" hits="1" branch="False" />
            <line number="23" hits="1" branch="False" />
          </lines>
        </class>
        <class name="MaxSubsetSumNoAdjacent.MaxSubsetSumNoAdjacentClass2" filename="MaxSubsetSumNoAdjacentClass2.cs" line-rate="0" branch-rate="0" complexity="6">
          <methods>
            <method name="MaxSubsetSumNoAdjacent" signature="(System.Int32[])" line-rate="0" branch-rate="0" complexity="6">
              <lines>
                <line number="13" hits="0" branch="False" />
                <line number="14" hits="0" branch="True" condition-coverage="0% (0/2)">
                  <conditions>
                    <condition number="8" type="jump" coverage="0%" />
                  </conditions>
                </line>
                <line number="15" hits="0" branch="False" />
                <line number="16" hits="0" branch="False" />
                <line number="18" hits="0" branch="True" condition-coverage="0% (0/2)">
                  <conditions>
                    <condition number="23" type="jump" coverage="0%" />
                  </conditions>
                </line>
                <line number="19" hits="0" branch="False" />
                <line number="20" hits="0" branch="False" />
                <line number="22" hits="0" branch="False" />
                <line number="23" hits="0" branch="False" />
                <line number="24" hits="0" branch="True" condition-coverage="0% (0/2)">
                  <conditions>
                    <condition number="108" type="jump" coverage="0%" />
                  </conditions>
                </line>
                <line number="25" hits="0" branch="False" />
                <line number="26" hits="0" branch="False" />
                <line number="27" hits="0" branch="False" />
                <line number="28" hits="0" branch="False" />
                <line number="29" hits="0" branch="False" />
              </lines>
            </method>
          </methods>
          <lines>
            <line number="13" hits="0" branch="False" />
            <line number="14" hits="0" branch="True" condition-coverage="0% (0/2)">
              <conditions>
                <condition number="8" type="jump" coverage="0%" />
              </conditions>
            </line>
            <line number="15" hits="0" branch="False" />
            <line number="16" hits="0" branch="False" />
            <line number="18" hits="0" branch="True" condition-coverage="0% (0/2)">
              <conditions>
                <condition number="23" type="jump" coverage="0%" />
              </conditions>
            </line>
            <line number="19" hits="0" branch="False" />
            <line number="20" hits="0" branch="False" />
            <line number="22" hits="0" branch="False" />
            <line number="23" hits="0" branch="False" />
            <line number="24" hits="0" branch="True" condition-coverage="0% (0/2)">
              <conditions>
                <condition number="108" type="jump" coverage="0%" />
              </conditions>
            </line>
            <line number="25" hits="0" branch="False" />
            <line number="26" hits="0" branch="False" />
            <line number="27" hits="0" branch="False" />
            <line number="28" hits="0" branch="False" />
            <line number="29" hits="0" branch="False" />
          </lines>
        </class>
      </classes>
    </package>
  </packages>
</coverage>