<?xml version="1.0" encoding="utf-8"?>
<coverage line-rate="1" branch-rate="1" version="1.9" timestamp="1696091081" lines-covered="34" lines-valid="34" branches-covered="12" branches-valid="12">
  <sources>
    <source>C:\</source>
  </sources>
  <packages>
    <package name="LowestCommonManager" line-rate="1" branch-rate="1" complexity="15">
      <classes>
        <class name="LowestCommonManager.LowestCommonManagerClass" filename="x\Algorithms\03_Hard\LowestCommonManager\LowestCommonManagerClass.cs" line-rate="1" branch-rate="1" complexity="11">
          <methods>
            <method name="GetLowestCommonManager" signature="(LowestCommonManager.LowestCommonManagerClass/OrgChart,LowestCommonManager.LowestCommonManagerClass/OrgChart,LowestCommonManager.LowestCommonManagerClass/OrgChart)" line-rate="1" branch-rate="1" complexity="1">
              <lines>
                <line number="19" hits="1" branch="False" />
                <line number="20" hits="1" branch="False" />
                <line number="21" hits="1" branch="False" />
              </lines>
            </method>
            <method name="getOrgInfo" signature="(LowestCommonManager.LowestCommonManagerClass/OrgChart,LowestCommonManager.LowestCommonManagerClass/OrgChart,LowestCommonManager.LowestCommonManagerClass/OrgChart)" line-rate="1" branch-rate="1" complexity="10">
              <lines>
                <line number="24" hits="6" branch="False" />
                <line number="25" hits="6" branch="False" />
                <line number="26" hits="27" branch="True" condition-coverage="100% (2/2)">
                  <conditions>
                    <condition number="79" type="jump" coverage="100%" />
                  </conditions>
                </line>
                <line number="27" hits="5" branch="False" />
                <line number="28" hits="5" branch="False" />
                <line number="29" hits="6" branch="True" condition-coverage="100% (2/2)">
                  <conditions>
                    <condition number="53" type="jump" coverage="100%" />
                  </conditions>
                </line>
                <line number="31" hits="4" branch="False" />
                <line number="32" hits="4" branch="False" />
                <line number="34" hits="7" branch="True" condition-coverage="100% (4/4)">
                  <conditions>
                    <condition number="100" type="jump" coverage="100%" />
                    <condition number="113" type="jump" coverage="100%" />
                  </conditions>
                </line>
                <line number="35" hits="2" branch="False" />
                <line number="36" hits="2" branch="False" />
                <line number="38" hits="5" branch="True" condition-coverage="100% (2/2)">
                  <conditions>
                    <condition number="123" type="jump" coverage="100%" />
                  </conditions>
                </line>
                <line number="39" hits="5" branch="False" />
                <line number="42" hits="5" branch="False" />
                <line number="43" hits="6" branch="False" />
              </lines>
            </method>
          </methods>
          <lines>
            <line number="19" hits="1" branch="False" />
            <line number="20" hits="1" branch="False" />
            <line number="21" hits="1" branch="False" />
            <line number="24" hits="6" branch="False" />
            <line number="25" hits="6" branch="False" />
            <line number="26" hits="27" branch="True" condition-coverage="100% (2/2)">
              <conditions>
                <condition number="79" type="jump" coverage="100%" />
              </conditions>
            </line>
            <line number="27" hits="5" branch="False" />
            <line number="28" hits="5" branch="False" />
            <line number="29" hits="6" branch="True" condition-coverage="100% (2/2)">
              <conditions>
                <condition number="53" type="jump" coverage="100%" />
              </conditions>
            </line>
            <line number="31" hits="4" branch="False" />
            <line number="32" hits="4" branch="False" />
            <line number="34" hits="7" branch="True" condition-coverage="100% (4/4)">
              <conditions>
                <condition number="100" type="jump" coverage="100%" />
                <condition number="113" type="jump" coverage="100%" />
              </conditions>
            </line>
            <line number="35" hits="2" branch="False" />
            <line number="36" hits="2" branch="False" />
            <line number="38" hits="5" branch="True" condition-coverage="100% (2/2)">
              <conditions>
                <condition number="123" type="jump" coverage="100%" />
              </conditions>
            </line>
            <line number="39" hits="5" branch="False" />
            <line number="42" hits="5" branch="False" />
            <line number="43" hits="6" branch="False" />
          </lines>
        </class>
        <class name="LowestCommonManager.LowestCommonManagerClass/OrgChart" filename="x\Algorithms\03_Hard\LowestCommonManager\LowestCommonManagerClass.cs" line-rate="1" branch-rate="1" complexity="3">
          <methods>
            <method name="addDirectReports" signature="(LowestCommonManager.LowestCommonManagerClass/OrgChart[])" line-rate="1" branch-rate="1" complexity="2">
              <lines>
                <line number="57" hits="4" branch="False" />
                <line number="58" hits="28" branch="True" condition-coverage="100% (2/2)">
                  <conditions>
                    <condition number="35" type="jump" coverage="100%" />
                  </conditions>
                </line>
                <line number="59" hits="8" branch="False" />
                <line number="60" hits="8" branch="False" />
                <line number="61" hits="8" branch="False" />
                <line number="62" hits="4" branch="False" />
              </lines>
            </method>
            <method name=".ctor" signature="(System.Char)" line-rate="1" branch-rate="1" complexity="1">
              <lines>
                <line number="50" hits="26" branch="False" />
                <line number="51" hits="26" branch="False" />
                <line number="52" hits="26" branch="False" />
                <line number="53" hits="26" branch="False" />
                <line number="54" hits="26" branch="False" />
              </lines>
            </method>
          </methods>
          <lines>
            <line number="57" hits="4" branch="False" />
            <line number="58" hits="28" branch="True" condition-coverage="100% (2/2)">
              <conditions>
                <condition number="35" type="jump" coverage="100%" />
              </conditions>
            </line>
            <line number="59" hits="8" branch="False" />
            <line number="60" hits="8" branch="False" />
            <line number="61" hits="8" branch="False" />
            <line number="62" hits="4" branch="False" />
            <line number="50" hits="26" branch="False" />
            <line number="51" hits="26" branch="False" />
            <line number="52" hits="26" branch="False" />
            <line number="53" hits="26" branch="False" />
            <line number="54" hits="26" branch="False" />
          </lines>
        </class>
        <class name="LowestCommonManager.LowestCommonManagerClass/OrgInfo" filename="x\Algorithms\03_Hard\LowestCommonManager\LowestCommonManagerClass.cs" line-rate="1" branch-rate="1" complexity="1">
          <methods>
            <method name=".ctor" signature="(LowestCommonManager.LowestCommonManagerClass/OrgChart,System.Int32)" line-rate="1" branch-rate="1" complexity="1">
              <lines>
                <line number="70" hits="5" branch="False" />
                <line number="71" hits="5" branch="False" />
                <line number="72" hits="5" branch="False" />
                <line number="73" hits="5" branch="False" />
                <line number="74" hits="5" branch="False" />
              </lines>
            </method>
          </methods>
          <lines>
            <line number="70" hits="5" branch="False" />
            <line number="71" hits="5" branch="False" />
            <line number="72" hits="5" branch="False" />
            <line number="73" hits="5" branch="False" />
            <line number="74" hits="5" branch="False" />
          </lines>
        </class>
      </classes>
    </package>
  </packages>
</coverage>