<?xml version="1.0" encoding="utf-8"?>
<coverage line-rate="0.9573999999999999" branch-rate="0.9" version="1.9" timestamp="1699443517" lines-covered="45" lines-valid="47" branches-covered="18" branches-valid="20">
  <sources>
    <source>C:\</source>
  </sources>
  <packages>
    <package name="ValidIPAddresses" line-rate="0.9573999999999999" branch-rate="0.9" complexity="20">
      <classes>
        <class name="ValidIPAddresses.ValidIPAddressesClass" filename="Algorithms\12_Strings\ValidIPAddresses\ValidIPAddressesClass.cs" line-rate="0.9573999999999999" branch-rate="0.9" complexity="20">
          <methods>
            <method name="ValidIPAddresses" signature="(System.String)" line-rate="0.9285" branch-rate="0.8571" complexity="14">
              <lines>
                <line number="30" hits="1" branch="False" />
                <line number="31" hits="1" branch="False" />
                <line number="32" hits="8" branch="True" condition-coverage="100% (2/2)">
                  <conditions>
                    <condition number="309" type="jump" coverage="100%" />
                  </conditions>
                </line>
                <line number="33" hits="3" branch="False" />
                <line number="34" hits="3" branch="False" />
                <line number="35" hits="3" branch="False" />
                <line number="36" hits="3" branch="True" condition-coverage="50% (1/2)">
                  <conditions>
                    <condition number="79" type="jump" coverage="50%" />
                  </conditions>
                </line>
                <line number="37" hits="0" branch="False" />
                <line number="38" hits="0" branch="False" />
                <line number="41" hits="24" branch="True" condition-coverage="100% (2/2)">
                  <conditions>
                    <condition number="280" type="jump" coverage="100%" />
                  </conditions>
                </line>
                <line number="42" hits="9" branch="False" />
                <line number="43" hits="9" branch="False" />
                <line number="44" hits="9" branch="True" condition-coverage="100% (2/2)">
                  <conditions>
                    <condition number="128" type="jump" coverage="100%" />
                  </conditions>
                </line>
                <line number="45" hits="1" branch="False" />
                <line number="46" hits="1" branch="False" />
                <line number="48" hits="46" branch="True" condition-coverage="100% (2/2)">
                  <conditions>
                    <condition number="247" type="jump" coverage="100%" />
                  </conditions>
                </line>
                <line number="49" hits="15" branch="False" />
                <line number="50" hits="15" branch="False" />
                <line number="51" hits="15" branch="False" />
                <line number="52" hits="15" branch="True" condition-coverage="75% (3/4)">
                  <conditions>
                    <condition number="178" type="jump" coverage="50%" />
                    <condition number="196" type="jump" coverage="100%" />
                  </conditions>
                </line>
                <line number="53" hits="11" branch="False" />
                <line number="54" hits="11" branch="False" />
                <line number="55" hits="11" branch="False" />
                <line number="56" hits="15" branch="False" />
                <line number="57" hits="8" branch="False" />
                <line number="58" hits="3" branch="False" />
                <line number="60" hits="1" branch="False" />
                <line number="61" hits="1" branch="False" />
              </lines>
            </method>
            <method name="Join" signature="(System.String[])" line-rate="1" branch-rate="1" complexity="4">
              <lines>
                <line number="64" hits="11" branch="False" />
                <line number="65" hits="11" branch="False" />
                <line number="66" hits="110" branch="True" condition-coverage="100% (2/2)">
                  <conditions>
                    <condition number="58" type="jump" coverage="100%" />
                  </conditions>
                </line>
                <line number="67" hits="44" branch="False" />
                <line number="68" hits="44" branch="False" />
                <line number="69" hits="44" branch="True" condition-coverage="100% (2/2)">
                  <conditions>
                    <condition number="32" type="jump" coverage="100%" />
                  </conditions>
                </line>
                <line number="70" hits="33" branch="False" />
                <line number="71" hits="33" branch="False" />
                <line number="73" hits="33" branch="False" />
                <line number="74" hits="44" branch="False" />
                <line number="75" hits="11" branch="False" />
                <line number="76" hits="11" branch="False" />
              </lines>
            </method>
            <method name="ValidPart" signature="(System.String)" line-rate="1" branch-rate="1" complexity="2">
              <lines>
                <line number="79" hits="42" branch="False" />
                <line number="80" hits="42" branch="False" />
                <line number="81" hits="42" branch="True" condition-coverage="100% (2/2)">
                  <conditions>
                    <condition number="18" type="jump" coverage="100%" />
                  </conditions>
                </line>
                <line number="82" hits="5" branch="False" />
                <line number="83" hits="5" branch="False" />
                <line number="86" hits="37" branch="False" />
                <line number="87" hits="42" branch="False" />
              </lines>
            </method>
          </methods>
          <lines>
            <line number="30" hits="1" branch="False" />
            <line number="31" hits="1" branch="False" />
            <line number="32" hits="8" branch="True" condition-coverage="100% (2/2)">
              <conditions>
                <condition number="309" type="jump" coverage="100%" />
              </conditions>
            </line>
            <line number="33" hits="3" branch="False" />
            <line number="34" hits="3" branch="False" />
            <line number="35" hits="3" branch="False" />
            <line number="36" hits="3" branch="True" condition-coverage="50% (1/2)">
              <conditions>
                <condition number="79" type="jump" coverage="50%" />
              </conditions>
            </line>
            <line number="37" hits="0" branch="False" />
            <line number="38" hits="0" branch="False" />
            <line number="41" hits="24" branch="True" condition-coverage="100% (2/2)">
              <conditions>
                <condition number="280" type="jump" coverage="100%" />
              </conditions>
            </line>
            <line number="42" hits="9" branch="False" />
            <line number="43" hits="9" branch="False" />
            <line number="44" hits="9" branch="True" condition-coverage="100% (2/2)">
              <conditions>
                <condition number="128" type="jump" coverage="100%" />
              </conditions>
            </line>
            <line number="45" hits="1" branch="False" />
            <line number="46" hits="1" branch="False" />
            <line number="48" hits="46" branch="True" condition-coverage="100% (2/2)">
              <conditions>
                <condition number="247" type="jump" coverage="100%" />
              </conditions>
            </line>
            <line number="49" hits="15" branch="False" />
            <line number="50" hits="15" branch="False" />
            <line number="51" hits="15" branch="False" />
            <line number="52" hits="15" branch="True" condition-coverage="75% (3/4)">
              <conditions>
                <condition number="178" type="jump" coverage="50%" />
                <condition number="196" type="jump" coverage="100%" />
              </conditions>
            </line>
            <line number="53" hits="11" branch="False" />
            <line number="54" hits="11" branch="False" />
            <line number="55" hits="11" branch="False" />
            <line number="56" hits="15" branch="False" />
            <line number="57" hits="8" branch="False" />
            <line number="58" hits="3" branch="False" />
            <line number="60" hits="1" branch="False" />
            <line number="61" hits="1" branch="False" />
            <line number="64" hits="11" branch="False" />
            <line number="65" hits="11" branch="False" />
            <line number="66" hits="110" branch="True" condition-coverage="100% (2/2)">
              <conditions>
                <condition number="58" type="jump" coverage="100%" />
              </conditions>
            </line>
            <line number="67" hits="44" branch="False" />
            <line number="68" hits="44" branch="False" />
            <line number="69" hits="44" branch="True" condition-coverage="100% (2/2)">
              <conditions>
                <condition number="32" type="jump" coverage="100%" />
              </conditions>
            </line>
            <line number="70" hits="33" branch="False" />
            <line number="71" hits="33" branch="False" />
            <line number="73" hits="33" branch="False" />
            <line number="74" hits="44" branch="False" />
            <line number="75" hits="11" branch="False" />
            <line number="76" hits="11" branch="False" />
            <line number="79" hits="42" branch="False" />
            <line number="80" hits="42" branch="False" />
            <line number="81" hits="42" branch="True" condition-coverage="100% (2/2)">
              <conditions>
                <condition number="18" type="jump" coverage="100%" />
              </conditions>
            </line>
            <line number="82" hits="5" branch="False" />
            <line number="83" hits="5" branch="False" />
            <line number="86" hits="37" branch="False" />
            <line number="87" hits="42" branch="False" />
          </lines>
        </class>
      </classes>
    </package>
  </packages>
</coverage>