<?xml version="1.0" encoding="utf-8"?>
<coverage line-rate="1" branch-rate="0.875" version="1.9" timestamp="1699443571" lines-covered="16" lines-valid="16" branches-covered="7" branches-valid="8">
  <sources>
    <source>C:\</source>
  </sources>
  <packages>
    <package name="SingleCycleCheck" line-rate="1" branch-rate="0.875" complexity="8">
      <classes>
        <class name="SingleCycleCheck.SingleCycleCheckClass" filename="Algorithms\05_Graph\SingleCycleCheck\SingleCycleCheckClass.cs" line-rate="1" branch-rate="0.875" complexity="8">
          <methods>
            <method name="HasSingleCycle" signature="(System.Int32[])" line-rate="1" branch-rate="0.8332999999999999" complexity="6">
              <lines>
                <line number="7" hits="1" branch="False" />
                <line number="8" hits="1" branch="False" />
                <line number="9" hits="1" branch="False" />
                <line number="10" hits="7" branch="True" condition-coverage="100% (2/2)">
                  <conditions>
                    <condition number="50" type="jump" coverage="100%" />
                  </conditions>
                </line>
                <line number="11" hits="6" branch="False" />
                <line number="12" hits="6" branch="True" condition-coverage="75% (3/4)">
                  <conditions>
                    <condition number="10" type="jump" coverage="100%" />
                    <condition number="21" type="jump" coverage="50%" />
                  </conditions>
                </line>
                <line number="13" hits="6" branch="False" />
                <line number="14" hits="6" branch="False" />
                <line number="15" hits="6" branch="False" />
                <line number="16" hits="1" branch="False" />
                <line number="17" hits="1" branch="False" />
              </lines>
            </method>
            <method name="getNextIdx" signature="(System.Int32,System.Int32[])" line-rate="1" branch-rate="1" complexity="2">
              <lines>
                <line number="19" hits="6" branch="False" />
                <line number="20" hits="6" branch="False" />
                <line number="21" hits="6" branch="False" />
                <line number="22" hits="6" branch="True" condition-coverage="100% (2/2)">
                  <conditions>
                    <condition number="15" type="jump" coverage="100%" />
                  </conditions>
                </line>
                <line number="23" hits="6" branch="False" />
              </lines>
            </method>
          </methods>
          <lines>
            <line number="7" hits="1" branch="False" />
            <line number="8" hits="1" branch="False" />
            <line number="9" hits="1" branch="False" />
            <line number="10" hits="7" branch="True" condition-coverage="100% (2/2)">
              <conditions>
                <condition number="50" type="jump" coverage="100%" />
              </conditions>
            </line>
            <line number="11" hits="6" branch="False" />
            <line number="12" hits="6" branch="True" condition-coverage="75% (3/4)">
              <conditions>
                <condition number="10" type="jump" coverage="100%" />
                <condition number="21" type="jump" coverage="50%" />
              </conditions>
            </line>
            <line number="13" hits="6" branch="False" />
            <line number="14" hits="6" branch="False" />
            <line number="15" hits="6" branch="False" />
            <line number="16" hits="1" branch="False" />
            <line number="17" hits="1" branch="False" />
            <line number="19" hits="6" branch="False" />
            <line number="20" hits="6" branch="False" />
            <line number="21" hits="6" branch="False" />
            <line number="22" hits="6" branch="True" condition-coverage="100% (2/2)">
              <conditions>
                <condition number="15" type="jump" coverage="100%" />
              </conditions>
            </line>
            <line number="23" hits="6" branch="False" />
          </lines>
        </class>
      </classes>
    </package>
  </packages>
</coverage>