<?xml version="1.0" encoding="utf-8"?>
<coverage line-rate="1" branch-rate="1" version="1.9" timestamp="1699443466" lines-covered="11" lines-valid="11" branches-covered="2" branches-valid="2">
  <sources>
    <source>C:\</source>
  </sources>
  <packages>
    <package name="KadanesAlgorithm" line-rate="1" branch-rate="1" complexity="2">
      <classes>
        <class name="KadanesAlgorithm.KadanesAlgorithmClass" filename="Algorithms\FamousAlgorithms\KadanesAlgorithm\KadanesAlgorithmClass.cs" line-rate="1" branch-rate="1" complexity="2">
          <methods>
            <method name="KadanesAlgorithm" signature="(System.Int32[])" line-rate="1" branch-rate="1" complexity="2">
              <lines>
                <line number="7" hits="1" branch="False" />
                <line number="8" hits="1" branch="False" />
                <line number="9" hits="1" branch="False" />
                <line number="10" hits="32" branch="True" condition-coverage="100% (2/2)">
                  <conditions>
                    <condition number="51" type="jump" coverage="100%" />
                  </conditions>
                </line>
                <line number="11" hits="15" branch="False" />
                <line number="12" hits="15" branch="False" />
                <line number="13" hits="15" branch="False" />
                <line number="14" hits="15" branch="False" />
                <line number="15" hits="15" branch="False" />
                <line number="16" hits="1" branch="False" />
                <line number="17" hits="1" branch="False" />
              </lines>
            </method>
          </methods>
          <lines>
            <line number="7" hits="1" branch="False" />
            <line number="8" hits="1" branch="False" />
            <line number="9" hits="1" branch="False" />
            <line number="10" hits="32" branch="True" condition-coverage="100% (2/2)">
              <conditions>
                <condition number="51" type="jump" coverage="100%" />
              </conditions>
            </line>
            <line number="11" hits="15" branch="False" />
            <line number="12" hits="15" branch="False" />
            <line number="13" hits="15" branch="False" />
            <line number="14" hits="15" branch="False" />
            <line number="15" hits="15" branch="False" />
            <line number="16" hits="1" branch="False" />
            <line number="17" hits="1" branch="False" />
          </lines>
        </class>
      </classes>
    </package>
  </packages>
</coverage>