TpTrace Verbose: 0 : 22544, 1, 2024/10/31, 11:55:47.899, 869860312084, vstest.console.dll, Version: 17.12.0-preview-24453-04 Current process architecture: X64
TpTrace Verbose: 0 : 22544, 1, 2024/10/31, 11:55:47.907, 869860397953, vstest.console.dll, Runtime location: C:\Program Files\dotnet\shared\Microsoft.NETCore.App\9.0.0-rc.2.24473.5
TpTrace Verbose: 0 : 22544, 1, 2024/10/31, 11:55:47.914, 869860464191, vstest.console.dll, ArtifactProcessingPostProcessModeProcessorExecutor.Initialize: ArtifactProcessingMode.Collect
TpTrace Verbose: 0 : 22544, 1, 2024/10/31, 11:55:47.914, 869860466606, vstest.console.dll, TestSessionCorrelationIdProcessorModeProcessorExecutor.Initialize: TestSessionCorrelationId '544_418aa914-5278-45da-b55d-5fbe3bfe3f59'
TpTrace Information: 0 : 22544, 1, 2024/10/31, 11:55:47.929, 869860613516, vstest.console.dll, FilePatternParser: The given file C:\x\ORION.API\ORION.Sales.Test\bin\Debug\net8.0\fine-code-coverage\build-output\ORION.Sales.Test.dll is a full path.
TpTrace Verbose: 0 : 22544, 1, 2024/10/31, 11:55:47.946, 869860784485, vstest.console.dll, TestPluginCache.DiscoverTestExtensions: finding test extensions in assemblies ends with: RuntimeProvider.dll TPluginInfo: Microsoft.VisualStudio.TestPlatform.Common.ExtensionFramework.Utilities.TestRuntimePluginInformation TExtension: Microsoft.VisualStudio.TestPlatform.ObjectModel.Host.ITestRuntimeProvider
TpTrace Verbose: 0 : 22544, 1, 2024/10/31, 11:55:47.947, 869860791677, vstest.console.dll, TestPluginCache.GetExtensionPaths: Filtered extension paths: 
TpTrace Verbose: 0 : 22544, 1, 2024/10/31, 11:55:47.947, 869860793191, vstest.console.dll, TestPluginCache.GetExtensionPaths: Added default extension paths: C:\Program Files\dotnet\sdk\9.0.100-rc.2.24474.11\Extensions\Microsoft.Diagnostics.NETCore.Client.dll
C:\Program Files\dotnet\sdk\9.0.100-rc.2.24474.11\Extensions\Microsoft.TestPlatform.Extensions.BlameDataCollector.dll
C:\Program Files\dotnet\sdk\9.0.100-rc.2.24474.11\Extensions\Microsoft.TestPlatform.Extensions.EventLogCollector.dll
C:\Program Files\dotnet\sdk\9.0.100-rc.2.24474.11\Extensions\Microsoft.TestPlatform.TestHostRuntimeProvider.dll
C:\Program Files\dotnet\sdk\9.0.100-rc.2.24474.11\Extensions\Microsoft.VisualStudio.TestPlatform.Extensions.Html.TestLogger.dll
C:\Program Files\dotnet\sdk\9.0.100-rc.2.24474.11\Extensions\Microsoft.VisualStudio.TestPlatform.Extensions.Trx.TestLogger.dll
TpTrace Verbose: 0 : 22544, 1, 2024/10/31, 11:55:47.947, 869860793846, vstest.console.dll, TestPluginCache.GetExtensionPaths: Added unfilterableExtensionPaths: 
TpTrace Information: 0 : 22544, 1, 2024/10/31, 11:55:47.948, 869860807820, vstest.console.dll, AssemblyResolver.ctor: Creating AssemblyResolver with searchDirectories C:\Program Files\dotnet\sdk\9.0.100-rc.2.24474.11\Extensions,C:\Program Files\dotnet\sdk\9.0.100-rc.2.24474.11
TpTrace Verbose: 0 : 22544, 1, 2024/10/31, 11:55:47.952, 869860845825, vstest.console.dll, TestPluginCache.DiscoverTestExtensions: Discovering the extensions using extension path.
TpTrace Verbose: 0 : 22544, 1, 2024/10/31, 11:55:47.952, 869860849391, vstest.console.dll, TestPluginCache.GetExtensionPaths: Filtered extension paths: 
TpTrace Verbose: 0 : 22544, 1, 2024/10/31, 11:55:47.952, 869860850726, vstest.console.dll, TestPluginCache.GetExtensionPaths: Added default extension paths: C:\Program Files\dotnet\sdk\9.0.100-rc.2.24474.11\Extensions\Microsoft.Diagnostics.NETCore.Client.dll
C:\Program Files\dotnet\sdk\9.0.100-rc.2.24474.11\Extensions\Microsoft.TestPlatform.Extensions.BlameDataCollector.dll
C:\Program Files\dotnet\sdk\9.0.100-rc.2.24474.11\Extensions\Microsoft.TestPlatform.Extensions.EventLogCollector.dll
C:\Program Files\dotnet\sdk\9.0.100-rc.2.24474.11\Extensions\Microsoft.TestPlatform.TestHostRuntimeProvider.dll
C:\Program Files\dotnet\sdk\9.0.100-rc.2.24474.11\Extensions\Microsoft.VisualStudio.TestPlatform.Extensions.Html.TestLogger.dll
C:\Program Files\dotnet\sdk\9.0.100-rc.2.24474.11\Extensions\Microsoft.VisualStudio.TestPlatform.Extensions.Trx.TestLogger.dll
TpTrace Verbose: 0 : 22544, 1, 2024/10/31, 11:55:47.952, 869860851356, vstest.console.dll, TestPluginCache.GetExtensionPaths: Added unfilterableExtensionPaths: 
TpTrace Verbose: 0 : 22544, 1, 2024/10/31, 11:55:47.953, 869860853504, vstest.console.dll, TestPluginCache.DiscoverTestExtensions: Discovering the extensions using allExtensionPaths: C:\Program Files\dotnet\sdk\9.0.100-rc.2.24474.11\Extensions\Microsoft.Diagnostics.NETCore.Client.dll
C:\Program Files\dotnet\sdk\9.0.100-rc.2.24474.11\Extensions\Microsoft.TestPlatform.Extensions.BlameDataCollector.dll
C:\Program Files\dotnet\sdk\9.0.100-rc.2.24474.11\Extensions\Microsoft.TestPlatform.Extensions.EventLogCollector.dll
C:\Program Files\dotnet\sdk\9.0.100-rc.2.24474.11\Extensions\Microsoft.TestPlatform.TestHostRuntimeProvider.dll
C:\Program Files\dotnet\sdk\9.0.100-rc.2.24474.11\Extensions\Microsoft.VisualStudio.TestPlatform.Extensions.Html.TestLogger.dll
C:\Program Files\dotnet\sdk\9.0.100-rc.2.24474.11\Extensions\Microsoft.VisualStudio.TestPlatform.Extensions.Trx.TestLogger.dll
TpTrace Information: 0 : 22544, 1, 2024/10/31, 11:55:47.953, 869860855881, vstest.console.dll, AssemblyResolver.AddSearchDirectories: Adding more searchDirectories C:\Program Files\dotnet\sdk\9.0.100-rc.2.24474.11\Extensions,C:\Program Files\dotnet\sdk\9.0.100-rc.2.24474.11
TpTrace Information: 0 : 22544, 1, 2024/10/31, 11:55:47.953, 869860857119, vstest.console.dll, AssemblyResolver.AddSearchDirectories: Adding more searchDirectories C:\Program Files\dotnet\sdk\9.0.100-rc.2.24474.11\Extensions,C:\Program Files\dotnet\sdk\9.0.100-rc.2.24474.11
TpTrace Information: 0 : 22544, 1, 2024/10/31, 11:55:47.953, 869860857776, vstest.console.dll, AssemblyResolver.AddSearchDirectories: Adding more searchDirectories C:\Program Files\dotnet\sdk\9.0.100-rc.2.24474.11\Extensions,C:\Program Files\dotnet\sdk\9.0.100-rc.2.24474.11
TpTrace Information: 0 : 22544, 1, 2024/10/31, 11:55:47.953, 869860858323, vstest.console.dll, AssemblyResolver.AddSearchDirectories: Adding more searchDirectories C:\Program Files\dotnet\sdk\9.0.100-rc.2.24474.11\Extensions,C:\Program Files\dotnet\sdk\9.0.100-rc.2.24474.11
TpTrace Information: 0 : 22544, 1, 2024/10/31, 11:55:47.953, 869860859018, vstest.console.dll, AssemblyResolver.AddSearchDirectories: Adding more searchDirectories C:\Program Files\dotnet\sdk\9.0.100-rc.2.24474.11\Extensions,C:\Program Files\dotnet\sdk\9.0.100-rc.2.24474.11
TpTrace Information: 0 : 22544, 1, 2024/10/31, 11:55:47.953, 869860859586, vstest.console.dll, AssemblyResolver.AddSearchDirectories: Adding more searchDirectories C:\Program Files\dotnet\sdk\9.0.100-rc.2.24474.11\Extensions,C:\Program Files\dotnet\sdk\9.0.100-rc.2.24474.11
TpTrace Information: 0 : 22544, 1, 2024/10/31, 11:55:47.954, 869860869999, vstest.console.dll, AssemblyResolver.OnResolve: Microsoft.Diagnostics.NETCore.Client: Resolving assembly.
TpTrace Information: 0 : 22544, 1, 2024/10/31, 11:55:47.954, 869860871554, vstest.console.dll, AssemblyResolver.OnResolve: Microsoft.Diagnostics.NETCore.Client: Searching in: 'C:\Program Files\dotnet\sdk\9.0.100-rc.2.24474.11\Extensions'.
TpTrace Information: 0 : 22544, 1, 2024/10/31, 11:55:47.988, 869861208692, vstest.console.dll, AssemblyResolver.OnResolve: Microsoft.Diagnostics.NETCore.Client: Loading assembly 'C:\Program Files\dotnet\sdk\9.0.100-rc.2.24474.11\Extensions\Microsoft.Diagnostics.NETCore.Client.dll'.
TpTrace Information: 0 : 22544, 1, 2024/10/31, 11:55:47.990, 869861224043, vstest.console.dll, AssemblyResolver.OnResolve: Resolved assembly: Microsoft.Diagnostics.NETCore.Client, from path: C:\Program Files\dotnet\sdk\9.0.100-rc.2.24474.11\Extensions\Microsoft.Diagnostics.NETCore.Client.dll
TpTrace Verbose: 0 : 22544, 1, 2024/10/31, 11:55:47.992, 869861244762, vstest.console.dll, MetadataReaderExtensionsHelper: Discovering extensions inside assembly 'Microsoft.Diagnostics.NETCore.Client, Version=0.2.10.41601, Culture=neutral, PublicKeyToken=31bf3856ad364e35' file path 'C:\Program Files\dotnet\sdk\9.0.100-rc.2.24474.11\Extensions\Microsoft.Diagnostics.NETCore.Client.dll'
TpTrace Information: 0 : 22544, 1, 2024/10/31, 11:55:48.004, 869861368545, vstest.console.dll, AssemblyResolver.OnResolve: Microsoft.Bcl.AsyncInterfaces: Resolving assembly.
TpTrace Information: 0 : 22544, 1, 2024/10/31, 11:55:48.004, 869861370892, vstest.console.dll, AssemblyResolver.OnResolve: Microsoft.Bcl.AsyncInterfaces: Searching in: 'C:\Program Files\dotnet\sdk\9.0.100-rc.2.24474.11\Extensions'.
TpTrace Information: 0 : 22544, 1, 2024/10/31, 11:55:48.005, 869861372546, vstest.console.dll, AssemblyResolver.OnResolve: Microsoft.Bcl.AsyncInterfaces: Assembly path does not exist: 'C:\Program Files\dotnet\sdk\9.0.100-rc.2.24474.11\Extensions\Microsoft.Bcl.AsyncInterfaces.dll', returning.
TpTrace Information: 0 : 22544, 1, 2024/10/31, 11:55:48.005, 869861373710, vstest.console.dll, AssemblyResolver.OnResolve: Microsoft.Bcl.AsyncInterfaces: Assembly path does not exist: 'C:\Program Files\dotnet\sdk\9.0.100-rc.2.24474.11\Extensions\Microsoft.Bcl.AsyncInterfaces.exe', returning.
TpTrace Information: 0 : 22544, 1, 2024/10/31, 11:55:48.005, 869861374295, vstest.console.dll, AssemblyResolver.OnResolve: Microsoft.Bcl.AsyncInterfaces: Searching in: 'C:\Program Files\dotnet\sdk\9.0.100-rc.2.24474.11'.
TpTrace Information: 0 : 22544, 1, 2024/10/31, 11:55:48.005, 869861375274, vstest.console.dll, AssemblyResolver.OnResolve: Microsoft.Bcl.AsyncInterfaces: Assembly path does not exist: 'C:\Program Files\dotnet\sdk\9.0.100-rc.2.24474.11\Microsoft.Bcl.AsyncInterfaces.dll', returning.
TpTrace Information: 0 : 22544, 1, 2024/10/31, 11:55:48.005, 869861376321, vstest.console.dll, AssemblyResolver.OnResolve: Microsoft.Bcl.AsyncInterfaces: Assembly path does not exist: 'C:\Program Files\dotnet\sdk\9.0.100-rc.2.24474.11\Microsoft.Bcl.AsyncInterfaces.exe', returning.
TpTrace Information: 0 : 22544, 1, 2024/10/31, 11:55:48.005, 869861376872, vstest.console.dll, AssemblyResolver.OnResolve: Microsoft.Bcl.AsyncInterfaces: Failed to load assembly.
TpTrace Verbose: 0 : 22544, 1, 2024/10/31, 11:55:48.005, 869861377507, vstest.console.dll, CurrentDomainAssemblyResolve: Resolving assembly 'Microsoft.Bcl.AsyncInterfaces'.
TpTrace Information: 0 : 22544, 1, 2024/10/31, 11:55:48.005, 869861378526, vstest.console.dll, AssemblyResolver.OnResolve: Microsoft.Bcl.AsyncInterfaces: Resolving assembly.
TpTrace Information: 0 : 22544, 1, 2024/10/31, 11:55:48.005, 869861379195, vstest.console.dll, AssemblyResolver.OnResolve: Microsoft.Bcl.AsyncInterfaces: Resolved from cache.
TpTrace Verbose: 0 : 22544, 1, 2024/10/31, 11:55:48.005, 869861379689, vstest.console.dll, CurrentDomainAssemblyResolve: Resolving assembly 'Microsoft.Bcl.AsyncInterfaces'.
TpTrace Verbose: 0 : 22544, 1, 2024/10/31, 11:55:48.005, 869861380424, vstest.console.dll, CurrentDomainAssemblyResolve: Failed to resolve assembly 'Microsoft.Bcl.AsyncInterfaces'.
TpTrace Verbose: 0 : 22544, 1, 2024/10/31, 11:55:48.010, 869861425569, vstest.console.dll, CurrentDomainAssemblyResolve: Failed to resolve assembly 'Microsoft.Bcl.AsyncInterfaces'.
TpTrace Warning: 0 : 22544, 1, 2024/10/31, 11:55:48.041, 869861733221, vstest.console.dll, TestPluginDiscoverer: Failed to get types from assembly 'Microsoft.Diagnostics.NETCore.Client, Version=0.2.10.41601, Culture=neutral, PublicKeyToken=31bf3856ad364e35'. Error: System.Reflection.ReflectionTypeLoadException: Unable to load one or more of the requested types.
Could not load file or assembly 'Microsoft.Bcl.AsyncInterfaces, Version=6.0.0.0, Culture=neutral, PublicKeyToken=cc7b13ffcd2ddd51'. The system cannot find the file specified.
   at System.Reflection.RuntimeModule.GetDefinedTypes()
   at System.Reflection.RuntimeModule.GetTypes()
   at Microsoft.VisualStudio.TestPlatform.Common.ExtensionFramework.TestPluginDiscoverer.GetTestExtensionsFromAssembly[TPluginInfo,TExtension](Assembly assembly, Dictionary`2 pluginInfos, String filePath) in /_/src/Microsoft.TestPlatform.Common/ExtensionFramework/TestPluginDiscoverer.cs:line 159
System.IO.FileNotFoundException: Could not load file or assembly 'Microsoft.Bcl.AsyncInterfaces, Version=6.0.0.0, Culture=neutral, PublicKeyToken=cc7b13ffcd2ddd51'. The system cannot find the file specified.
File name: 'Microsoft.Bcl.AsyncInterfaces, Version=6.0.0.0, Culture=neutral, PublicKeyToken=cc7b13ffcd2ddd51'
 ---> System.IO.FileNotFoundException: Could not load file or assembly 'Microsoft.Bcl.AsyncInterfaces, Culture=neutral, PublicKeyToken=null'. The system cannot find the file specified.
File name: 'Microsoft.Bcl.AsyncInterfaces, Culture=neutral, PublicKeyToken=null'
   at System.Reflection.RuntimeAssembly.InternalLoad(AssemblyName assemblyName, StackCrawlMark& stackMark, AssemblyLoadContext assemblyLoadContext, RuntimeAssembly requestingAssembly, Boolean throwOnFileNotFound)
   at System.Reflection.Assembly.Load(AssemblyName assemblyRef)
   at Microsoft.VisualStudio.TestPlatform.Common.ExtensionFramework.TestPluginCache.CurrentDomainAssemblyResolve(Object sender, AssemblyResolveEventArgs args) in /_/src/Microsoft.TestPlatform.Common/ExtensionFramework/TestPluginCache.cs:line 514
   at System.Runtime.Loader.AssemblyLoadContext.GetFirstResolvedAssemblyFromResolvingEvent(AssemblyName assemblyName)
   at System.Runtime.Loader.AssemblyLoadContext.ResolveUsingEvent(AssemblyName assemblyName)
   at System.Runtime.Loader.AssemblyLoadContext.ResolveUsingResolvingEvent(IntPtr gchManagedAssemblyLoadContext, AssemblyName assemblyName)
TpTrace Warning: 0 : 22544, 1, 2024/10/31, 11:55:48.041, 869861740314, vstest.console.dll, LoaderExceptions: System.IO.FileNotFoundException: Could not load file or assembly 'Microsoft.Bcl.AsyncInterfaces, Version=6.0.0.0, Culture=neutral, PublicKeyToken=cc7b13ffcd2ddd51'. The system cannot find the file specified.
File name: 'Microsoft.Bcl.AsyncInterfaces, Version=6.0.0.0, Culture=neutral, PublicKeyToken=cc7b13ffcd2ddd51'
 ---> System.IO.FileNotFoundException: Could not load file or assembly 'Microsoft.Bcl.AsyncInterfaces, Culture=neutral, PublicKeyToken=null'. The system cannot find the file specified.
File name: 'Microsoft.Bcl.AsyncInterfaces, Culture=neutral, PublicKeyToken=null'
   at System.Reflection.RuntimeAssembly.InternalLoad(AssemblyName assemblyName, StackCrawlMark& stackMark, AssemblyLoadContext assemblyLoadContext, RuntimeAssembly requestingAssembly, Boolean throwOnFileNotFound)
   at System.Reflection.Assembly.Load(AssemblyName assemblyRef)
   at Microsoft.VisualStudio.TestPlatform.Common.ExtensionFramework.TestPluginCache.CurrentDomainAssemblyResolve(Object sender, AssemblyResolveEventArgs args) in /_/src/Microsoft.TestPlatform.Common/ExtensionFramework/TestPluginCache.cs:line 514
   at System.Runtime.Loader.AssemblyLoadContext.GetFirstResolvedAssemblyFromResolvingEvent(AssemblyName assemblyName)
   at System.Runtime.Loader.AssemblyLoadContext.ResolveUsingEvent(AssemblyName assemblyName)
   at System.Runtime.Loader.AssemblyLoadContext.ResolveUsingResolvingEvent(IntPtr gchManagedAssemblyLoadContext, AssemblyName assemblyName)
TpTrace Information: 0 : 22544, 1, 2024/10/31, 11:55:48.042, 869861743126, vstest.console.dll, AssemblyResolver.OnResolve: Microsoft.TestPlatform.Extensions.BlameDataCollector: Resolving assembly.
TpTrace Information: 0 : 22544, 1, 2024/10/31, 11:55:48.042, 869861744015, vstest.console.dll, AssemblyResolver.OnResolve: Microsoft.TestPlatform.Extensions.BlameDataCollector: Searching in: 'C:\Program Files\dotnet\sdk\9.0.100-rc.2.24474.11\Extensions'.
TpTrace Information: 0 : 22544, 1, 2024/10/31, 11:55:48.044, 869861768334, vstest.console.dll, AssemblyResolver.OnResolve: Microsoft.TestPlatform.Extensions.BlameDataCollector: Loading assembly 'C:\Program Files\dotnet\sdk\9.0.100-rc.2.24474.11\Extensions\Microsoft.TestPlatform.Extensions.BlameDataCollector.dll'.
TpTrace Information: 0 : 22544, 1, 2024/10/31, 11:55:48.046, 869861787188, vstest.console.dll, AssemblyResolver.OnResolve: Resolved assembly: Microsoft.TestPlatform.Extensions.BlameDataCollector, from path: C:\Program Files\dotnet\sdk\9.0.100-rc.2.24474.11\Extensions\Microsoft.TestPlatform.Extensions.BlameDataCollector.dll
TpTrace Verbose: 0 : 22544, 1, 2024/10/31, 11:55:48.046, 869861789977, vstest.console.dll, MetadataReaderExtensionsHelper: Discovering extensions inside assembly 'Microsoft.TestPlatform.Extensions.BlameDataCollector, Version=15.0.0.0, Culture=neutral, PublicKeyToken=b03f5f7f11d50a3a' file path 'C:\Program Files\dotnet\sdk\9.0.100-rc.2.24474.11\Extensions\Microsoft.TestPlatform.Extensions.BlameDataCollector.dll'
TpTrace Information: 0 : 22544, 1, 2024/10/31, 11:55:48.050, 869861826286, vstest.console.dll, AssemblyResolver.OnResolve: Microsoft.TestPlatform.Extensions.EventLogCollector: Resolving assembly.
TpTrace Information: 0 : 22544, 1, 2024/10/31, 11:55:48.050, 869861828020, vstest.console.dll, AssemblyResolver.OnResolve: Microsoft.TestPlatform.Extensions.EventLogCollector: Searching in: 'C:\Program Files\dotnet\sdk\9.0.100-rc.2.24474.11\Extensions'.
TpTrace Information: 0 : 22544, 1, 2024/10/31, 11:55:48.052, 869861843792, vstest.console.dll, AssemblyResolver.OnResolve: Microsoft.TestPlatform.Extensions.EventLogCollector: Loading assembly 'C:\Program Files\dotnet\sdk\9.0.100-rc.2.24474.11\Extensions\Microsoft.TestPlatform.Extensions.EventLogCollector.dll'.
TpTrace Information: 0 : 22544, 1, 2024/10/31, 11:55:48.053, 869861851976, vstest.console.dll, AssemblyResolver.OnResolve: Resolved assembly: Microsoft.TestPlatform.Extensions.EventLogCollector, from path: C:\Program Files\dotnet\sdk\9.0.100-rc.2.24474.11\Extensions\Microsoft.TestPlatform.Extensions.EventLogCollector.dll
TpTrace Verbose: 0 : 22544, 1, 2024/10/31, 11:55:48.053, 869861853450, vstest.console.dll, MetadataReaderExtensionsHelper: Discovering extensions inside assembly 'Microsoft.TestPlatform.Extensions.EventLogCollector, Version=15.0.0.0, Culture=neutral, PublicKeyToken=b03f5f7f11d50a3a' file path 'C:\Program Files\dotnet\sdk\9.0.100-rc.2.24474.11\Extensions\Microsoft.TestPlatform.Extensions.EventLogCollector.dll'
TpTrace Information: 0 : 22544, 1, 2024/10/31, 11:55:48.058, 869861905171, vstest.console.dll, AssemblyResolver.OnResolve: Microsoft.TestPlatform.TestHostRuntimeProvider: Resolving assembly.
TpTrace Information: 0 : 22544, 1, 2024/10/31, 11:55:48.058, 869861906626, vstest.console.dll, AssemblyResolver.OnResolve: Microsoft.TestPlatform.TestHostRuntimeProvider: Searching in: 'C:\Program Files\dotnet\sdk\9.0.100-rc.2.24474.11\Extensions'.
TpTrace Information: 0 : 22544, 1, 2024/10/31, 11:55:48.060, 869861927213, vstest.console.dll, AssemblyResolver.OnResolve: Microsoft.TestPlatform.TestHostRuntimeProvider: Loading assembly 'C:\Program Files\dotnet\sdk\9.0.100-rc.2.24474.11\Extensions\Microsoft.TestPlatform.TestHostRuntimeProvider.dll'.
TpTrace Information: 0 : 22544, 1, 2024/10/31, 11:55:48.061, 869861940561, vstest.console.dll, AssemblyResolver.OnResolve: Resolved assembly: Microsoft.TestPlatform.TestHostRuntimeProvider, from path: C:\Program Files\dotnet\sdk\9.0.100-rc.2.24474.11\Extensions\Microsoft.TestPlatform.TestHostRuntimeProvider.dll
TpTrace Verbose: 0 : 22544, 1, 2024/10/31, 11:55:48.062, 869861942926, vstest.console.dll, MetadataReaderExtensionsHelper: Discovering extensions inside assembly 'Microsoft.TestPlatform.TestHostRuntimeProvider, Version=15.0.0.0, Culture=neutral, PublicKeyToken=b03f5f7f11d50a3a' file path 'C:\Program Files\dotnet\sdk\9.0.100-rc.2.24474.11\Extensions\Microsoft.TestPlatform.TestHostRuntimeProvider.dll'
TpTrace Information: 0 : 22544, 1, 2024/10/31, 11:55:48.065, 869861979516, vstest.console.dll, GetTestExtensionFromType: Register extension with identifier data 'HostProvider://DefaultTestHost' and type 'Microsoft.VisualStudio.TestPlatform.CrossPlatEngine.Hosting.DefaultTestHostManager, Microsoft.TestPlatform.TestHostRuntimeProvider, Version=15.0.0.0, Culture=neutral, PublicKeyToken=b03f5f7f11d50a3a' inside file 'C:\Program Files\dotnet\sdk\9.0.100-rc.2.24474.11\Extensions\Microsoft.TestPlatform.TestHostRuntimeProvider.dll'
TpTrace Information: 0 : 22544, 1, 2024/10/31, 11:55:48.066, 869861986066, vstest.console.dll, GetTestExtensionFromType: Register extension with identifier data 'HostProvider://DotnetTestHost' and type 'Microsoft.VisualStudio.TestPlatform.CrossPlatEngine.Hosting.DotnetTestHostManager, Microsoft.TestPlatform.TestHostRuntimeProvider, Version=15.0.0.0, Culture=neutral, PublicKeyToken=b03f5f7f11d50a3a' inside file 'C:\Program Files\dotnet\sdk\9.0.100-rc.2.24474.11\Extensions\Microsoft.TestPlatform.TestHostRuntimeProvider.dll'
TpTrace Information: 0 : 22544, 1, 2024/10/31, 11:55:48.066, 869861987860, vstest.console.dll, AssemblyResolver.OnResolve: Microsoft.VisualStudio.TestPlatform.Extensions.Html.TestLogger: Resolving assembly.
TpTrace Information: 0 : 22544, 1, 2024/10/31, 11:55:48.066, 869861988716, vstest.console.dll, AssemblyResolver.OnResolve: Microsoft.VisualStudio.TestPlatform.Extensions.Html.TestLogger: Searching in: 'C:\Program Files\dotnet\sdk\9.0.100-rc.2.24474.11\Extensions'.
TpTrace Information: 0 : 22544, 1, 2024/10/31, 11:55:48.068, 869862005567, vstest.console.dll, AssemblyResolver.OnResolve: Microsoft.VisualStudio.TestPlatform.Extensions.Html.TestLogger: Loading assembly 'C:\Program Files\dotnet\sdk\9.0.100-rc.2.24474.11\Extensions\Microsoft.VisualStudio.TestPlatform.Extensions.Html.TestLogger.dll'.
TpTrace Information: 0 : 22544, 1, 2024/10/31, 11:55:48.069, 869862021519, vstest.console.dll, AssemblyResolver.OnResolve: Resolved assembly: Microsoft.VisualStudio.TestPlatform.Extensions.Html.TestLogger, from path: C:\Program Files\dotnet\sdk\9.0.100-rc.2.24474.11\Extensions\Microsoft.VisualStudio.TestPlatform.Extensions.Html.TestLogger.dll
TpTrace Verbose: 0 : 22544, 1, 2024/10/31, 11:55:48.070, 869862023545, vstest.console.dll, MetadataReaderExtensionsHelper: Discovering extensions inside assembly 'Microsoft.VisualStudio.TestPlatform.Extensions.Html.TestLogger, Version=15.0.0.0, Culture=neutral, PublicKeyToken=b03f5f7f11d50a3a' file path 'C:\Program Files\dotnet\sdk\9.0.100-rc.2.24474.11\Extensions\Microsoft.VisualStudio.TestPlatform.Extensions.Html.TestLogger.dll'
TpTrace Information: 0 : 22544, 1, 2024/10/31, 11:55:48.071, 869862041001, vstest.console.dll, AssemblyResolver.OnResolve: Microsoft.VisualStudio.TestPlatform.Extensions.Trx.TestLogger: Resolving assembly.
TpTrace Information: 0 : 22544, 1, 2024/10/31, 11:55:48.072, 869862042706, vstest.console.dll, AssemblyResolver.OnResolve: Microsoft.VisualStudio.TestPlatform.Extensions.Trx.TestLogger: Searching in: 'C:\Program Files\dotnet\sdk\9.0.100-rc.2.24474.11\Extensions'.
TpTrace Information: 0 : 22544, 1, 2024/10/31, 11:55:48.074, 869862063792, vstest.console.dll, AssemblyResolver.OnResolve: Microsoft.VisualStudio.TestPlatform.Extensions.Trx.TestLogger: Loading assembly 'C:\Program Files\dotnet\sdk\9.0.100-rc.2.24474.11\Extensions\Microsoft.VisualStudio.TestPlatform.Extensions.Trx.TestLogger.dll'.
TpTrace Information: 0 : 22544, 1, 2024/10/31, 11:55:48.075, 869862078282, vstest.console.dll, AssemblyResolver.OnResolve: Resolved assembly: Microsoft.VisualStudio.TestPlatform.Extensions.Trx.TestLogger, from path: C:\Program Files\dotnet\sdk\9.0.100-rc.2.24474.11\Extensions\Microsoft.VisualStudio.TestPlatform.Extensions.Trx.TestLogger.dll
TpTrace Verbose: 0 : 22544, 1, 2024/10/31, 11:55:48.075, 869862080173, vstest.console.dll, MetadataReaderExtensionsHelper: Discovering extensions inside assembly 'Microsoft.VisualStudio.TestPlatform.Extensions.Trx.TestLogger, Version=15.0.0.0, Culture=neutral, PublicKeyToken=b03f5f7f11d50a3a' file path 'C:\Program Files\dotnet\sdk\9.0.100-rc.2.24474.11\Extensions\Microsoft.VisualStudio.TestPlatform.Extensions.Trx.TestLogger.dll'
TpTrace Verbose: 0 : 22544, 1, 2024/10/31, 11:55:48.079, 869862117109, vstest.console.dll, TestPluginCache: Discovered the extensions using extension path ''.
TpTrace Verbose: 0 : 22544, 1, 2024/10/31, 11:55:48.079, 869862118875, vstest.console.dll, TestPluginCache: Discoverers are ''.
TpTrace Verbose: 0 : 22544, 1, 2024/10/31, 11:55:48.079, 869862120087, vstest.console.dll, TestPluginCache: Executors are ''.
TpTrace Verbose: 0 : 22544, 1, 2024/10/31, 11:55:48.079, 869862120702, vstest.console.dll, TestPluginCache: Executors2 are ''.
TpTrace Verbose: 0 : 22544, 1, 2024/10/31, 11:55:48.079, 869862121235, vstest.console.dll, TestPluginCache: Setting providers are ''.
TpTrace Verbose: 0 : 22544, 1, 2024/10/31, 11:55:48.080, 869862121858, vstest.console.dll, TestPluginCache: Loggers are ''.
TpTrace Verbose: 0 : 22544, 1, 2024/10/31, 11:55:48.080, 869862128649, vstest.console.dll, TestPluginCache: TestHosts are 'HostProvider://DefaultTestHost,HostProvider://DotnetTestHost'.
TpTrace Verbose: 0 : 22544, 1, 2024/10/31, 11:55:48.080, 869862130261, vstest.console.dll, TestPluginCache: DataCollectors are ''.
TpTrace Information: 0 : 22544, 1, 2024/10/31, 11:55:48.124, 869862570860, vstest.console.dll, RunTestsArgumentProcessor:Execute: Test run is starting.
TpTrace Verbose: 0 : 22544, 1, 2024/10/31, 11:55:48.125, 869862573007, vstest.console.dll, RunTestsArgumentProcessor:Execute: Queuing Test run.
TpTrace Information: 0 : 22544, 1, 2024/10/31, 11:55:48.125, 869862580239, vstest.console.dll, TestRequestManager.RunTests: run tests started.
TpTrace Information: 0 : 22544, 1, 2024/10/31, 11:55:48.129, 869862614162, vstest.console.dll, AssemblyMetadataProvider.GetFrameworkName: Determined framework:'.NETCoreApp,Version=v8.0' for source: 'C:\x\ORION.API\ORION.Sales.Test\bin\Debug\net8.0\fine-code-coverage\build-output\ORION.Sales.Test.dll'
TpTrace Information: 0 : 22544, 1, 2024/10/31, 11:55:48.129, 869862617723, vstest.console.dll, Determined framework for all sources: .NETCoreApp,Version=v8.0
TpTrace Verbose: 0 : 22544, 1, 2024/10/31, 11:55:48.130, 869862624780, vstest.console.dll, TestRequestManager.UpdateRunSettingsIfRequired: Default architecture: X64 IsDefaultTargetArchitecture: True, Current process architecture: X64 OperatingSystem: Windows.
TpTrace Information: 0 : 22544, 1, 2024/10/31, 11:55:48.133, 869862659833, vstest.console.dll, AssemblyMetadataProvider.GetArchitecture: Determined architecture:AnyCPU info for assembly: C:\x\ORION.API\ORION.Sales.Test\bin\Debug\net8.0\fine-code-coverage\build-output\ORION.Sales.Test.dll
TpTrace Information: 0 : 22544, 1, 2024/10/31, 11:55:48.133, 869862661065, vstest.console.dll, Determined platform for source 'C:\x\ORION.API\ORION.Sales.Test\bin\Debug\net8.0\fine-code-coverage\build-output\ORION.Sales.Test.dll' was AnyCPU and it will use the default plaform X64.
TpTrace Information: 0 : 22544, 1, 2024/10/31, 11:55:48.134, 869862661635, vstest.console.dll, None of the sources provided any runnable platform, using the default platform: X64
TpTrace Information: 0 : 22544, 1, 2024/10/31, 11:55:48.134, 869862663398, vstest.console.dll, Platform was updated to 'X64'.
TpTrace Information: 0 : 22544, 1, 2024/10/31, 11:55:48.143, 869862761237, vstest.console.dll, InferRunSettingsHelper.IsTestSettingsEnabled: Unable to navigate to RunSettings/MSTest. Current node: RunSettings
TpTrace Information: 0 : 22544, 1, 2024/10/31, 11:55:48.145, 869862780180, vstest.console.dll, AssemblyResolver.OnResolve: Microsoft.VisualStudio.TestPlatform.Fakes: Resolving assembly.
TpTrace Information: 0 : 22544, 1, 2024/10/31, 11:55:48.146, 869862782098, vstest.console.dll, AssemblyResolver.OnResolve: Microsoft.VisualStudio.TestPlatform.Fakes: Searching in: 'C:\Program Files\dotnet\sdk\9.0.100-rc.2.24474.11\Extensions'.
TpTrace Information: 0 : 22544, 1, 2024/10/31, 11:55:48.146, 869862784158, vstest.console.dll, AssemblyResolver.OnResolve: Microsoft.VisualStudio.TestPlatform.Fakes: Assembly path does not exist: 'C:\Program Files\dotnet\sdk\9.0.100-rc.2.24474.11\Extensions\Microsoft.VisualStudio.TestPlatform.Fakes.dll', returning.
TpTrace Information: 0 : 22544, 1, 2024/10/31, 11:55:48.146, 869862785923, vstest.console.dll, AssemblyResolver.OnResolve: Microsoft.VisualStudio.TestPlatform.Fakes: Assembly path does not exist: 'C:\Program Files\dotnet\sdk\9.0.100-rc.2.24474.11\Extensions\Microsoft.VisualStudio.TestPlatform.Fakes.exe', returning.
TpTrace Information: 0 : 22544, 1, 2024/10/31, 11:55:48.146, 869862787076, vstest.console.dll, AssemblyResolver.OnResolve: Microsoft.VisualStudio.TestPlatform.Fakes: Searching in: 'C:\Program Files\dotnet\sdk\9.0.100-rc.2.24474.11'.
TpTrace Information: 0 : 22544, 1, 2024/10/31, 11:55:48.146, 869862788747, vstest.console.dll, AssemblyResolver.OnResolve: Microsoft.VisualStudio.TestPlatform.Fakes: Assembly path does not exist: 'C:\Program Files\dotnet\sdk\9.0.100-rc.2.24474.11\Microsoft.VisualStudio.TestPlatform.Fakes.dll', returning.
TpTrace Information: 0 : 22544, 1, 2024/10/31, 11:55:48.146, 869862790623, vstest.console.dll, AssemblyResolver.OnResolve: Microsoft.VisualStudio.TestPlatform.Fakes: Assembly path does not exist: 'C:\Program Files\dotnet\sdk\9.0.100-rc.2.24474.11\Microsoft.VisualStudio.TestPlatform.Fakes.exe', returning.
TpTrace Information: 0 : 22544, 1, 2024/10/31, 11:55:48.147, 869862791660, vstest.console.dll, AssemblyResolver.OnResolve: Microsoft.VisualStudio.TestPlatform.Fakes: Failed to load assembly.
TpTrace Information: 0 : 22544, 1, 2024/10/31, 11:55:48.147, 869862796798, vstest.console.dll, Failed to load assembly Microsoft.VisualStudio.TestPlatform.Fakes, Version=17.0.0.0, Culture=neutral. Reason:System.IO.FileNotFoundException: Could not load file or assembly 'Microsoft.VisualStudio.TestPlatform.Fakes, Version=17.0.0.0, Culture=neutral, PublicKeyToken=null'. The system cannot find the file specified.
File name: 'Microsoft.VisualStudio.TestPlatform.Fakes, Version=17.0.0.0, Culture=neutral, PublicKeyToken=null'
   at System.Reflection.RuntimeAssembly.InternalLoad(AssemblyName assemblyName, StackCrawlMark& stackMark, AssemblyLoadContext assemblyLoadContext, RuntimeAssembly requestingAssembly, Boolean throwOnFileNotFound)
   at System.Reflection.Assembly.Load(AssemblyName assemblyRef)
   at Microsoft.VisualStudio.TestPlatform.Common.Utilities.FakesUtilities.LoadTestPlatformAssembly() in /_/src/Microsoft.TestPlatform.Common/Utilities/FakesUtilities.cs:line 273
TpTrace Verbose: 0 : 22544, 1, 2024/10/31, 11:55:48.154, 869862868871, vstest.console.dll, TestPluginCache.DiscoverTestExtensions: finding test extensions in assemblies ends with: TestLogger.dll TPluginInfo: Microsoft.VisualStudio.TestPlatform.Common.ExtensionFramework.Utilities.TestLoggerPluginInformation TExtension: Microsoft.VisualStudio.TestPlatform.ObjectModel.Client.ITestLogger
TpTrace Verbose: 0 : 22544, 1, 2024/10/31, 11:55:48.154, 869862871063, vstest.console.dll, TestPluginCache.GetExtensionPaths: Filtered extension paths: 
TpTrace Verbose: 0 : 22544, 1, 2024/10/31, 11:55:48.155, 869862871892, vstest.console.dll, TestPluginCache.GetExtensionPaths: Added default extension paths: C:\Program Files\dotnet\sdk\9.0.100-rc.2.24474.11\Extensions\Microsoft.Diagnostics.NETCore.Client.dll
C:\Program Files\dotnet\sdk\9.0.100-rc.2.24474.11\Extensions\Microsoft.TestPlatform.Extensions.BlameDataCollector.dll
C:\Program Files\dotnet\sdk\9.0.100-rc.2.24474.11\Extensions\Microsoft.TestPlatform.Extensions.EventLogCollector.dll
C:\Program Files\dotnet\sdk\9.0.100-rc.2.24474.11\Extensions\Microsoft.TestPlatform.TestHostRuntimeProvider.dll
C:\Program Files\dotnet\sdk\9.0.100-rc.2.24474.11\Extensions\Microsoft.VisualStudio.TestPlatform.Extensions.Html.TestLogger.dll
C:\Program Files\dotnet\sdk\9.0.100-rc.2.24474.11\Extensions\Microsoft.VisualStudio.TestPlatform.Extensions.Trx.TestLogger.dll
TpTrace Verbose: 0 : 22544, 1, 2024/10/31, 11:55:48.155, 869862872653, vstest.console.dll, TestPluginCache.GetExtensionPaths: Added unfilterableExtensionPaths: 
TpTrace Information: 0 : 22544, 1, 2024/10/31, 11:55:48.155, 869862875420, vstest.console.dll, AssemblyResolver.AddSearchDirectories: Adding more searchDirectories C:\Program Files\dotnet\sdk\9.0.100-rc.2.24474.11\Extensions,C:\Program Files\dotnet\sdk\9.0.100-rc.2.24474.11
TpTrace Verbose: 0 : 22544, 1, 2024/10/31, 11:55:48.155, 869862876406, vstest.console.dll, TestPluginCache.DiscoverTestExtensions: Discovering the extensions using extension path.
TpTrace Verbose: 0 : 22544, 1, 2024/10/31, 11:55:48.155, 869862877426, vstest.console.dll, TestPluginCache.GetExtensionPaths: Filtered extension paths: 
TpTrace Verbose: 0 : 22544, 1, 2024/10/31, 11:55:48.155, 869862878433, vstest.console.dll, TestPluginCache.GetExtensionPaths: Added default extension paths: C:\Program Files\dotnet\sdk\9.0.100-rc.2.24474.11\Extensions\Microsoft.Diagnostics.NETCore.Client.dll
C:\Program Files\dotnet\sdk\9.0.100-rc.2.24474.11\Extensions\Microsoft.TestPlatform.Extensions.BlameDataCollector.dll
C:\Program Files\dotnet\sdk\9.0.100-rc.2.24474.11\Extensions\Microsoft.TestPlatform.Extensions.EventLogCollector.dll
C:\Program Files\dotnet\sdk\9.0.100-rc.2.24474.11\Extensions\Microsoft.TestPlatform.TestHostRuntimeProvider.dll
C:\Program Files\dotnet\sdk\9.0.100-rc.2.24474.11\Extensions\Microsoft.VisualStudio.TestPlatform.Extensions.Html.TestLogger.dll
C:\Program Files\dotnet\sdk\9.0.100-rc.2.24474.11\Extensions\Microsoft.VisualStudio.TestPlatform.Extensions.Trx.TestLogger.dll
TpTrace Verbose: 0 : 22544, 1, 2024/10/31, 11:55:48.155, 869862880266, vstest.console.dll, TestPluginCache.GetExtensionPaths: Added unfilterableExtensionPaths: 
TpTrace Verbose: 0 : 22544, 1, 2024/10/31, 11:55:48.155, 869862881290, vstest.console.dll, TestPluginCache.DiscoverTestExtensions: Discovering the extensions using allExtensionPaths: C:\Program Files\dotnet\sdk\9.0.100-rc.2.24474.11\Extensions\Microsoft.Diagnostics.NETCore.Client.dll
C:\Program Files\dotnet\sdk\9.0.100-rc.2.24474.11\Extensions\Microsoft.TestPlatform.Extensions.BlameDataCollector.dll
C:\Program Files\dotnet\sdk\9.0.100-rc.2.24474.11\Extensions\Microsoft.TestPlatform.Extensions.EventLogCollector.dll
C:\Program Files\dotnet\sdk\9.0.100-rc.2.24474.11\Extensions\Microsoft.TestPlatform.TestHostRuntimeProvider.dll
C:\Program Files\dotnet\sdk\9.0.100-rc.2.24474.11\Extensions\Microsoft.VisualStudio.TestPlatform.Extensions.Html.TestLogger.dll
C:\Program Files\dotnet\sdk\9.0.100-rc.2.24474.11\Extensions\Microsoft.VisualStudio.TestPlatform.Extensions.Trx.TestLogger.dll
TpTrace Information: 0 : 22544, 1, 2024/10/31, 11:55:48.156, 869862882388, vstest.console.dll, AssemblyResolver.AddSearchDirectories: Adding more searchDirectories C:\Program Files\dotnet\sdk\9.0.100-rc.2.24474.11\Extensions,C:\Program Files\dotnet\sdk\9.0.100-rc.2.24474.11
TpTrace Information: 0 : 22544, 1, 2024/10/31, 11:55:48.156, 869862883131, vstest.console.dll, AssemblyResolver.AddSearchDirectories: Adding more searchDirectories C:\Program Files\dotnet\sdk\9.0.100-rc.2.24474.11\Extensions,C:\Program Files\dotnet\sdk\9.0.100-rc.2.24474.11
TpTrace Information: 0 : 22544, 1, 2024/10/31, 11:55:48.156, 869862883744, vstest.console.dll, AssemblyResolver.AddSearchDirectories: Adding more searchDirectories C:\Program Files\dotnet\sdk\9.0.100-rc.2.24474.11\Extensions,C:\Program Files\dotnet\sdk\9.0.100-rc.2.24474.11
TpTrace Information: 0 : 22544, 1, 2024/10/31, 11:55:48.156, 869862884435, vstest.console.dll, AssemblyResolver.AddSearchDirectories: Adding more searchDirectories C:\Program Files\dotnet\sdk\9.0.100-rc.2.24474.11\Extensions,C:\Program Files\dotnet\sdk\9.0.100-rc.2.24474.11
TpTrace Information: 0 : 22544, 1, 2024/10/31, 11:55:48.156, 869862885059, vstest.console.dll, AssemblyResolver.AddSearchDirectories: Adding more searchDirectories C:\Program Files\dotnet\sdk\9.0.100-rc.2.24474.11\Extensions,C:\Program Files\dotnet\sdk\9.0.100-rc.2.24474.11
TpTrace Information: 0 : 22544, 1, 2024/10/31, 11:55:48.156, 869862885646, vstest.console.dll, AssemblyResolver.AddSearchDirectories: Adding more searchDirectories C:\Program Files\dotnet\sdk\9.0.100-rc.2.24474.11\Extensions,C:\Program Files\dotnet\sdk\9.0.100-rc.2.24474.11
TpTrace Verbose: 0 : 22544, 1, 2024/10/31, 11:55:48.156, 869862889174, vstest.console.dll, MetadataReaderExtensionsHelper: Discovering extensions inside assembly 'Microsoft.Diagnostics.NETCore.Client, Version=0.2.10.41601, Culture=neutral, PublicKeyToken=31bf3856ad364e35' file path 'C:\Program Files\dotnet\sdk\9.0.100-rc.2.24474.11\Extensions\Microsoft.Diagnostics.NETCore.Client.dll'
TpTrace Information: 0 : 22544, 1, 2024/10/31, 11:55:48.159, 869862911753, vstest.console.dll, AssemblyResolver.OnResolve: Microsoft.Bcl.AsyncInterfaces: Resolving assembly.
TpTrace Information: 0 : 22544, 1, 2024/10/31, 11:55:48.159, 869862914756, vstest.console.dll, AssemblyResolver.OnResolve: Microsoft.Bcl.AsyncInterfaces: Resolved from cache.
TpTrace Verbose: 0 : 22544, 1, 2024/10/31, 11:55:48.159, 869862916051, vstest.console.dll, CurrentDomainAssemblyResolve: Resolving assembly 'Microsoft.Bcl.AsyncInterfaces'.
TpTrace Information: 0 : 22544, 1, 2024/10/31, 11:55:48.159, 869862918147, vstest.console.dll, AssemblyResolver.OnResolve: Microsoft.Bcl.AsyncInterfaces: Resolving assembly.
TpTrace Information: 0 : 22544, 1, 2024/10/31, 11:55:48.159, 869862921441, vstest.console.dll, AssemblyResolver.OnResolve: Microsoft.Bcl.AsyncInterfaces: Resolved from cache.
TpTrace Verbose: 0 : 22544, 1, 2024/10/31, 11:55:48.160, 869862923348, vstest.console.dll, CurrentDomainAssemblyResolve: Resolving assembly 'Microsoft.Bcl.AsyncInterfaces'.
TpTrace Verbose: 0 : 22544, 1, 2024/10/31, 11:55:48.160, 869862924920, vstest.console.dll, CurrentDomainAssemblyResolve: Failed to resolve assembly 'Microsoft.Bcl.AsyncInterfaces'.
TpTrace Verbose: 0 : 22544, 1, 2024/10/31, 11:55:48.160, 869862929570, vstest.console.dll, CurrentDomainAssemblyResolve: Failed to resolve assembly 'Microsoft.Bcl.AsyncInterfaces'.
TpTrace Warning: 0 : 22544, 1, 2024/10/31, 11:55:48.161, 869862941266, vstest.console.dll, TestPluginDiscoverer: Failed to get types from assembly 'Microsoft.Diagnostics.NETCore.Client, Version=0.2.10.41601, Culture=neutral, PublicKeyToken=31bf3856ad364e35'. Error: System.Reflection.ReflectionTypeLoadException: Unable to load one or more of the requested types.
Could not load file or assembly 'Microsoft.Bcl.AsyncInterfaces, Version=6.0.0.0, Culture=neutral, PublicKeyToken=cc7b13ffcd2ddd51'. The system cannot find the file specified.
   at System.Reflection.RuntimeModule.GetDefinedTypes()
   at System.Reflection.RuntimeModule.GetTypes()
   at Microsoft.VisualStudio.TestPlatform.Common.ExtensionFramework.TestPluginDiscoverer.GetTestExtensionsFromAssembly[TPluginInfo,TExtension](Assembly assembly, Dictionary`2 pluginInfos, String filePath) in /_/src/Microsoft.TestPlatform.Common/ExtensionFramework/TestPluginDiscoverer.cs:line 159
System.IO.FileNotFoundException: Could not load file or assembly 'Microsoft.Bcl.AsyncInterfaces, Version=6.0.0.0, Culture=neutral, PublicKeyToken=cc7b13ffcd2ddd51'. The system cannot find the file specified.
File name: 'Microsoft.Bcl.AsyncInterfaces, Version=6.0.0.0, Culture=neutral, PublicKeyToken=cc7b13ffcd2ddd51'
 ---> System.IO.FileNotFoundException: Could not load file or assembly 'Microsoft.Bcl.AsyncInterfaces, Culture=neutral, PublicKeyToken=null'. The system cannot find the file specified.
File name: 'Microsoft.Bcl.AsyncInterfaces, Culture=neutral, PublicKeyToken=null'
   at System.Reflection.RuntimeAssembly.InternalLoad(AssemblyName assemblyName, StackCrawlMark& stackMark, AssemblyLoadContext assemblyLoadContext, RuntimeAssembly requestingAssembly, Boolean throwOnFileNotFound)
   at System.Reflection.Assembly.Load(AssemblyName assemblyRef)
   at Microsoft.VisualStudio.TestPlatform.Common.ExtensionFramework.TestPluginCache.CurrentDomainAssemblyResolve(Object sender, AssemblyResolveEventArgs args) in /_/src/Microsoft.TestPlatform.Common/ExtensionFramework/TestPluginCache.cs:line 514
   at System.Runtime.Loader.AssemblyLoadContext.GetFirstResolvedAssemblyFromResolvingEvent(AssemblyName assemblyName)
   at System.Runtime.Loader.AssemblyLoadContext.ResolveUsingEvent(AssemblyName assemblyName)
   at System.Runtime.Loader.AssemblyLoadContext.ResolveUsingResolvingEvent(IntPtr gchManagedAssemblyLoadContext, AssemblyName assemblyName)
TpTrace Warning: 0 : 22544, 1, 2024/10/31, 11:55:48.162, 869862946600, vstest.console.dll, LoaderExceptions: System.IO.FileNotFoundException: Could not load file or assembly 'Microsoft.Bcl.AsyncInterfaces, Version=6.0.0.0, Culture=neutral, PublicKeyToken=cc7b13ffcd2ddd51'. The system cannot find the file specified.
File name: 'Microsoft.Bcl.AsyncInterfaces, Version=6.0.0.0, Culture=neutral, PublicKeyToken=cc7b13ffcd2ddd51'
 ---> System.IO.FileNotFoundException: Could not load file or assembly 'Microsoft.Bcl.AsyncInterfaces, Culture=neutral, PublicKeyToken=null'. The system cannot find the file specified.
File name: 'Microsoft.Bcl.AsyncInterfaces, Culture=neutral, PublicKeyToken=null'
   at System.Reflection.RuntimeAssembly.InternalLoad(AssemblyName assemblyName, StackCrawlMark& stackMark, AssemblyLoadContext assemblyLoadContext, RuntimeAssembly requestingAssembly, Boolean throwOnFileNotFound)
   at System.Reflection.Assembly.Load(AssemblyName assemblyRef)
   at Microsoft.VisualStudio.TestPlatform.Common.ExtensionFramework.TestPluginCache.CurrentDomainAssemblyResolve(Object sender, AssemblyResolveEventArgs args) in /_/src/Microsoft.TestPlatform.Common/ExtensionFramework/TestPluginCache.cs:line 514
   at System.Runtime.Loader.AssemblyLoadContext.GetFirstResolvedAssemblyFromResolvingEvent(AssemblyName assemblyName)
   at System.Runtime.Loader.AssemblyLoadContext.ResolveUsingEvent(AssemblyName assemblyName)
   at System.Runtime.Loader.AssemblyLoadContext.ResolveUsingResolvingEvent(IntPtr gchManagedAssemblyLoadContext, AssemblyName assemblyName)
TpTrace Verbose: 0 : 22544, 1, 2024/10/31, 11:55:48.162, 869862949444, vstest.console.dll, MetadataReaderExtensionsHelper: Discovering extensions inside assembly 'Microsoft.TestPlatform.Extensions.BlameDataCollector, Version=15.0.0.0, Culture=neutral, PublicKeyToken=b03f5f7f11d50a3a' file path 'C:\Program Files\dotnet\sdk\9.0.100-rc.2.24474.11\Extensions\Microsoft.TestPlatform.Extensions.BlameDataCollector.dll'
TpTrace Information: 0 : 22544, 1, 2024/10/31, 11:55:48.164, 869862962364, vstest.console.dll, GetTestExtensionFromType: Register extension with identifier data 'logger://Microsoft/TestPlatform/Extensions/Blame/v1' and type 'Microsoft.TestPlatform.Extensions.BlameDataCollector.BlameLogger, Microsoft.TestPlatform.Extensions.BlameDataCollector, Version=15.0.0.0, Culture=neutral, PublicKeyToken=b03f5f7f11d50a3a' inside file 'C:\Program Files\dotnet\sdk\9.0.100-rc.2.24474.11\Extensions\Microsoft.TestPlatform.Extensions.BlameDataCollector.dll'
TpTrace Verbose: 0 : 22544, 1, 2024/10/31, 11:55:48.164, 869862964529, vstest.console.dll, MetadataReaderExtensionsHelper: Discovering extensions inside assembly 'Microsoft.TestPlatform.Extensions.EventLogCollector, Version=15.0.0.0, Culture=neutral, PublicKeyToken=b03f5f7f11d50a3a' file path 'C:\Program Files\dotnet\sdk\9.0.100-rc.2.24474.11\Extensions\Microsoft.TestPlatform.Extensions.EventLogCollector.dll'
TpTrace Verbose: 0 : 22544, 1, 2024/10/31, 11:55:48.165, 869862972846, vstest.console.dll, MetadataReaderExtensionsHelper: Discovering extensions inside assembly 'Microsoft.TestPlatform.TestHostRuntimeProvider, Version=15.0.0.0, Culture=neutral, PublicKeyToken=b03f5f7f11d50a3a' file path 'C:\Program Files\dotnet\sdk\9.0.100-rc.2.24474.11\Extensions\Microsoft.TestPlatform.TestHostRuntimeProvider.dll'
TpTrace Verbose: 0 : 22544, 1, 2024/10/31, 11:55:48.165, 869862981448, vstest.console.dll, MetadataReaderExtensionsHelper: Discovering extensions inside assembly 'Microsoft.VisualStudio.TestPlatform.Extensions.Html.TestLogger, Version=15.0.0.0, Culture=neutral, PublicKeyToken=b03f5f7f11d50a3a' file path 'C:\Program Files\dotnet\sdk\9.0.100-rc.2.24474.11\Extensions\Microsoft.VisualStudio.TestPlatform.Extensions.Html.TestLogger.dll'
TpTrace Information: 0 : 22544, 1, 2024/10/31, 11:55:48.167, 869862993578, vstest.console.dll, GetTestExtensionFromType: Register extension with identifier data 'logger://Microsoft/TestPlatform/HtmlLogger/v1' and type 'Microsoft.VisualStudio.TestPlatform.Extensions.HtmlLogger.HtmlLogger, Microsoft.VisualStudio.TestPlatform.Extensions.Html.TestLogger, Version=15.0.0.0, Culture=neutral, PublicKeyToken=b03f5f7f11d50a3a' inside file 'C:\Program Files\dotnet\sdk\9.0.100-rc.2.24474.11\Extensions\Microsoft.VisualStudio.TestPlatform.Extensions.Html.TestLogger.dll'
TpTrace Verbose: 0 : 22544, 1, 2024/10/31, 11:55:48.167, 869862995169, vstest.console.dll, MetadataReaderExtensionsHelper: Discovering extensions inside assembly 'Microsoft.VisualStudio.TestPlatform.Extensions.Trx.TestLogger, Version=15.0.0.0, Culture=neutral, PublicKeyToken=b03f5f7f11d50a3a' file path 'C:\Program Files\dotnet\sdk\9.0.100-rc.2.24474.11\Extensions\Microsoft.VisualStudio.TestPlatform.Extensions.Trx.TestLogger.dll'
TpTrace Information: 0 : 22544, 1, 2024/10/31, 11:55:48.168, 869863003077, vstest.console.dll, GetTestExtensionFromType: Register extension with identifier data 'logger://Microsoft/TestPlatform/TrxLogger/v1' and type 'Microsoft.VisualStudio.TestPlatform.Extensions.TrxLogger.TrxLogger, Microsoft.VisualStudio.TestPlatform.Extensions.Trx.TestLogger, Version=15.0.0.0, Culture=neutral, PublicKeyToken=b03f5f7f11d50a3a' inside file 'C:\Program Files\dotnet\sdk\9.0.100-rc.2.24474.11\Extensions\Microsoft.VisualStudio.TestPlatform.Extensions.Trx.TestLogger.dll'
TpTrace Verbose: 0 : 22544, 1, 2024/10/31, 11:55:48.168, 869863004901, vstest.console.dll, TestPluginCache: Discovered the extensions using extension path ''.
TpTrace Verbose: 0 : 22544, 1, 2024/10/31, 11:55:48.168, 869863005699, vstest.console.dll, TestPluginCache: Discoverers are ''.
TpTrace Verbose: 0 : 22544, 1, 2024/10/31, 11:55:48.168, 869863006274, vstest.console.dll, TestPluginCache: Executors are ''.
TpTrace Verbose: 0 : 22544, 1, 2024/10/31, 11:55:48.168, 869863006809, vstest.console.dll, TestPluginCache: Executors2 are ''.
TpTrace Verbose: 0 : 22544, 1, 2024/10/31, 11:55:48.168, 869863007333, vstest.console.dll, TestPluginCache: Setting providers are ''.
TpTrace Verbose: 0 : 22544, 1, 2024/10/31, 11:55:48.168, 869863009542, vstest.console.dll, TestPluginCache: Loggers are 'logger://Microsoft/TestPlatform/Extensions/Blame/v1,logger://Microsoft/TestPlatform/HtmlLogger/v1,logger://Microsoft/TestPlatform/TrxLogger/v1'.
TpTrace Verbose: 0 : 22544, 1, 2024/10/31, 11:55:48.168, 869863010709, vstest.console.dll, TestPluginCache: TestHosts are 'HostProvider://DefaultTestHost,HostProvider://DotnetTestHost'.
TpTrace Verbose: 0 : 22544, 1, 2024/10/31, 11:55:48.168, 869863011355, vstest.console.dll, TestPluginCache: DataCollectors are ''.
TpTrace Information: 0 : 22544, 1, 2024/10/31, 11:55:48.170, 869863030360, vstest.console.dll, TestPluginManager.CreateTestExtension: Attempting to load test extension: Microsoft.TestPlatform.Extensions.BlameDataCollector.BlameLogger
TpTrace Verbose: 0 : 22544, 1, 2024/10/31, 11:55:48.197, 869863292444, vstest.console.dll, TestEngine: Initializing Parallel Execution as MaxCpuCount is set to: 1
TpTrace Information: 0 : 22544, 1, 2024/10/31, 11:55:48.200, 869863327651, vstest.console.dll, TestPluginManager.CreateTestExtension: Attempting to load test extension: Microsoft.VisualStudio.TestPlatform.CrossPlatEngine.Hosting.DefaultTestHostManager
TpTrace Information: 0 : 22544, 1, 2024/10/31, 11:55:48.202, 869863344335, vstest.console.dll, TestPluginManager.CreateTestExtension: Attempting to load test extension: Microsoft.VisualStudio.TestPlatform.CrossPlatEngine.Hosting.DotnetTestHostManager
TpTrace Verbose: 0 : 22544, 1, 2024/10/31, 11:55:48.202, 869863350667, vstest.console.dll, TestHostManagerCallbacks.ctor: Forwarding output is enabled.
TpTrace Information: 0 : 22544, 1, 2024/10/31, 11:55:48.203, 869863360664, vstest.console.dll, InferRunSettingsHelper.IsTestSettingsEnabled: Unable to navigate to RunSettings/MSTest. Current node: RunSettings
TpTrace Verbose: 0 : 22544, 1, 2024/10/31, 11:55:48.205, 869863377714, vstest.console.dll, ParallelOperationManager.ClearSlots: Clearing all slots. Slots should accept more work: True
TpTrace Verbose: 0 : 22544, 1, 2024/10/31, 11:55:48.207, 869863392305, vstest.console.dll, ParallelOperationManager.SetOccupiedSlotCount: Setting slot counts AvailableSlotCount = 1, OccupiedSlotCount = 0.
TpTrace Verbose: 0 : 22544, 1, 2024/10/31, 11:55:48.208, 869863402385, vstest.console.dll, Occupied slots:

TpTrace Verbose: 0 : 22544, 1, 2024/10/31, 11:55:48.217, 869863493476, vstest.console.dll, TestEngine.GetExecutionManager: Chosen execution manager 'Microsoft.VisualStudio.TestPlatform.CrossPlatEngine.Client.Parallel.ParallelProxyExecutionManager, Microsoft.TestPlatform.CrossPlatEngine, Version=15.0.0.0, Culture=neutral, PublicKeyToken=b03f5f7f11d50a3a' ParallelLevel '1'.
TpTrace Verbose: 0 : 22544, 1, 2024/10/31, 11:55:48.217, 869863498170, vstest.console.dll, TestPlatform.GetSkipDefaultAdapters: Not skipping default adapters SkipDefaultAdapters was false.
TpTrace Verbose: 0 : 22544, 1, 2024/10/31, 11:55:48.217, 869863500397, vstest.console.dll, TestRunRequest.ExecuteAsync: Creating test run request.
TpTrace Verbose: 0 : 22544, 1, 2024/10/31, 11:55:48.218, 869863506147, vstest.console.dll, TestRunRequest.ExecuteAsync: Starting.
TpTrace Information: 0 : 22544, 1, 2024/10/31, 11:55:48.221, 869863532682, vstest.console.dll, TestRunRequest.ExecuteAsync: Starting run with settings:TestRunCriteria:
   KeepAlive=False,FrequencyOfRunStatsChangeEvent=10,RunStatsChangeEventTimeout=00:00:01.5000000,TestCaseFilter=,TestExecutorLauncher=
   Settingsxml=<RunSettings>
  <RunConfiguration>
    <ResultsDirectory>C:\x\ORION.API\ORION.Sales.Test\bin\Debug\net8.0\fine-code-coverage\coverage-tool-output</ResultsDirectory>
    <TargetPlatform>X64</TargetPlatform>
    <TargetFrameworkVersion>.NETCoreApp,Version=v8.0</TargetFrameworkVersion>
    <DesignMode>False</DesignMode>
    <CollectSourceInformation>False</CollectSourceInformation>
  </RunConfiguration>
  <LoggerRunSettings>
    <Loggers>
      <Logger friendlyName="blame" enabled="True" />
      <Logger friendlyName="Console" uri="logger://microsoft/TestPlatform/ConsoleLogger/v1" assemblyQualifiedName="Microsoft.VisualStudio.TestPlatform.CommandLine.Internal.ConsoleLogger, vstest.console, Version=15.0.0.0, Culture=neutral, PublicKeyToken=b03f5f7f11d50a3a" codeBase="C:\Program Files\dotnet\sdk\9.0.100-rc.2.24474.11\vstest.console.dll" enabled="True" />
    </Loggers>
  </LoggerRunSettings>
  <DataCollectionRunSettings>
    <DataCollectors>
      <DataCollector friendlyName="blame" enabled="True">
        <Configuration>
          <ResultsDirectory>C:\x\ORION.API\ORION.Sales.Test\bin\Debug\net8.0\fine-code-coverage\coverage-tool-output</ResultsDirectory>
        </Configuration>
      </DataCollector>
    </DataCollectors>
  </DataCollectionRunSettings>
</RunSettings>

TpTrace Verbose: 0 : 22544, 1, 2024/10/31, 11:55:48.221, 869863534027, vstest.console.dll, TestRunRequest.ExecuteAsync: Wait for the first run request is over.
TpTrace Verbose: 0 : 22544, 1, 2024/10/31, 11:55:48.221, 869863540704, vstest.console.dll, MulticastDelegateUtilities.SafeInvoke: TestRun.TestRunStart: Invoking callbacks was skipped because there are no subscribers.
TpTrace Verbose: 0 : 22544, 4, 2024/10/31, 11:55:48.222, 869863544741, vstest.console.dll, MulticastDelegateUtilities.SafeInvoke: InternalTestLoggerEvents.SendTestRunStart: Invoking callback 1/1 for Microsoft.VisualStudio.TestPlatform.CommandLine.Internal.ConsoleLogger., took 0 ms.
TpTrace Verbose: 0 : 22544, 1, 2024/10/31, 11:55:48.224, 869863567973, vstest.console.dll, ParallelProxyExecutionManager: Start execution. Total sources: 1
TpTrace Verbose: 0 : 22544, 1, 2024/10/31, 11:55:48.225, 869863575403, vstest.console.dll, ParallelOperationManager.StartWork: Starting adding 1 workloads.
TpTrace Verbose: 0 : 22544, 1, 2024/10/31, 11:55:48.225, 869863577142, vstest.console.dll, ParallelOperationManager.ClearSlots: Clearing all slots. Slots should accept more work: True
TpTrace Verbose: 0 : 22544, 1, 2024/10/31, 11:55:48.225, 869863579230, vstest.console.dll, ParallelOperationManager.SetOccupiedSlotCount: Setting slot counts AvailableSlotCount = 1, OccupiedSlotCount = 0.
TpTrace Verbose: 0 : 22544, 1, 2024/10/31, 11:55:48.225, 869863580045, vstest.console.dll, Occupied slots:

TpTrace Verbose: 0 : 22544, 1, 2024/10/31, 11:55:48.229, 869863620563, vstest.console.dll, TestHostManagerCallbacks.ctor: Forwarding output is enabled.
TpTrace Verbose: 0 : 22544, 1, 2024/10/31, 11:55:48.230, 869863627374, vstest.console.dll, TestRequestSender is acting as server.
TpTrace Verbose: 0 : 22544, 1, 2024/10/31, 11:55:48.233, 869863658215, vstest.console.dll, ParallelOperationManager.RunWorkInParallel: Adding 1 workload to slot, remaining workloads 0.
TpTrace Verbose: 0 : 22544, 1, 2024/10/31, 11:55:48.233, 869863659758, vstest.console.dll, ParallelOperationManager.SetOccupiedSlotCount: Setting slot counts AvailableSlotCount = 0, OccupiedSlotCount = 1.
TpTrace Verbose: 0 : 22544, 1, 2024/10/31, 11:55:48.234, 869863662393, vstest.console.dll, Occupied slots:
0: C:\x\ORION.API\ORION.Sales.Test\bin\Debug\net8.0\fine-code-coverage\build-output\ORION.Sales.Test.dll
TpTrace Verbose: 0 : 22544, 1, 2024/10/31, 11:55:48.237, 869863694531, vstest.console.dll, ParallelOperationManager.RunWorkInParallel: Started host in slot number 0 for work (source): C:\x\ORION.API\ORION.Sales.Test\bin\Debug\net8.0\fine-code-coverage\build-output\ORION.Sales.Test.dll.
TpTrace Verbose: 0 : 22544, 1, 2024/10/31, 11:55:48.239, 869863712287, vstest.console.dll, ParallelOperationManager.RunWorkInParallel: We started 1 work items, which is the max parallel level. Won't start more work.
TpTrace Verbose: 0 : 22544, 5, 2024/10/31, 11:55:48.239, 869863712287, vstest.console.dll, ParallelProxyExecutionManager.StartTestRunOnConcurrentManager: Initializing uninitialized client. Started clients: 0
TpTrace Verbose: 0 : 22544, 1, 2024/10/31, 11:55:48.239, 869863714377, vstest.console.dll, ParallelOperationManager.RunWorkInParallel: We started 1 work items in here, returning True.
TpTrace Information: 0 : 22544, 1, 2024/10/31, 11:55:48.239, 869863717778, vstest.console.dll, TestRunRequest.ExecuteAsync: Started.
TpTrace Verbose: 0 : 22544, 5, 2024/10/31, 11:55:48.239, 869863718343, vstest.console.dll, DataCollectionRequestSender.InitializeCommunication : Initialize communication. 
TpTrace Verbose: 0 : 22544, 1, 2024/10/31, 11:55:48.241, 869863732278, vstest.console.dll, TestRunRequest.WaitForCompletion: Waiting with timeout -1.
TpTrace Information: 0 : 22544, 5, 2024/10/31, 11:55:48.259, 869863913829, vstest.console.dll, Listening on Endpoint : 127.0.0.1:59521
TpTrace Verbose: 0 : 22544, 5, 2024/10/31, 11:55:48.278, 869864108428, vstest.console.dll, DotnetDataCollectionLauncher: Adding  --runtimeconfig "C:\Program Files\dotnet\sdk\9.0.100-rc.2.24474.11\datacollector.runtimeconfig.json" in args
TpTrace Verbose: 0 : 22544, 5, 2024/10/31, 11:55:48.279, 869864115011, vstest.console.dll, DotnetDataCollectionLauncher: Adding  --depsfile "C:\Program Files\dotnet\sdk\9.0.100-rc.2.24474.11\datacollector.deps.json" in args
TpTrace Verbose: 0 : 22544, 5, 2024/10/31, 11:55:48.279, 869864119151, vstest.console.dll, DotnetDataCollectionLauncher: Full path of dotnet.exe is C:\Program Files\dotnet\dotnet.exe
TpTrace Information: 0 : 22544, 5, 2024/10/31, 11:55:48.296, 869864290007, vstest.console.dll, ProxyDataCollectionManager.Initialize: Launched datacollector processId: 9496 port: 59521
TpTrace Information: 0 : 22544, 5, 2024/10/31, 11:55:48.297, 869864294170, vstest.console.dll, ProxyDataCollectionManager.Initialize: waiting for connection with timeout: 90 seconds
TpTrace Verbose: 0 : 22544, 5, 2024/10/31, 11:55:48.297, 869864296404, vstest.console.dll, DataCollectionRequestSender.WaitForRequestHandlerConnection : Waiting for connection with timeout: 90000
TpTrace Verbose: 0 : 22544, 5, 2024/10/31, 11:55:48.874, 869870068315, vstest.console.dll, SocketCommunicationManager.WaitForClientConnection took: 576 ms, with 90000 ms timeout, and finished with True.
TpTrace Information: 0 : 22544, 9, 2024/10/31, 11:55:48.874, 869870071134, vstest.console.dll, Using the buffer size of 16384 bytes
TpTrace Verbose: 0 : 22544, 5, 2024/10/31, 11:55:48.875, 869870072543, vstest.console.dll, ProxyDataCollectionManager.InvokeDataCollectionServiceAction: Starting.
TpTrace Information: 0 : 22544, 9, 2024/10/31, 11:55:48.875, 869870073829, vstest.console.dll, Accepted Client request and set the flag
TpTrace Information: 0 : 22544, 5, 2024/10/31, 11:55:48.875, 869870077089, vstest.console.dll, ProxyDataCollectionManager.BeforeTestRunStart: Get environment variable and port for datacollector processId: 9496 port: 59521
TpTrace Verbose: 0 : 22544, 5, 2024/10/31, 11:55:48.875, 869870080939, vstest.console.dll, DataCollectionRequestSender.SendBeforeTestRunStartAndGetResult: Send BeforeTestRunStart message with settingsXml <RunSettings><RunConfiguration><ResultsDirectory>C:\x\ORION.API\ORION.Sales.Test\bin\Debug\net8.0\fine-code-coverage\coverage-tool-output</ResultsDirectory><TargetPlatform>X64</TargetPlatform><TargetFrameworkVersion>.NETCoreApp,Version=v8.0</TargetFrameworkVersion><DesignMode>False</DesignMode><CollectSourceInformation>False</CollectSourceInformation><TestAdaptersPaths>C:\Program Files\dotnet\sdk\9.0.100-rc.2.24474.11\Extensions</TestAdaptersPaths></RunConfiguration><LoggerRunSettings><Loggers><Logger friendlyName="blame" enabled="True" /><Logger friendlyName="Console" uri="logger://microsoft/TestPlatform/ConsoleLogger/v1" assemblyQualifiedName="Microsoft.VisualStudio.TestPlatform.CommandLine.Internal.ConsoleLogger, vstest.console, Version=15.0.0.0, Culture=neutral, PublicKeyToken=b03f5f7f11d50a3a" codeBase="C:\Program Files\dotnet\sdk\9.0.100-rc.2.24474.11\vstest.console.dll" enabled="True" /></Loggers></LoggerRunSettings><DataCollectionRunSettings><DataCollectors><DataCollector friendlyName="blame" enabled="True"><Configuration><ResultsDirectory>C:\x\ORION.API\ORION.Sales.Test\bin\Debug\net8.0\fine-code-coverage\coverage-tool-output</ResultsDirectory></Configuration></DataCollector></DataCollectors></DataCollectionRunSettings></RunSettings> and sources System.Collections.Generic.List`1[System.String]: 
TpTrace Verbose: 0 : 22544, 5, 2024/10/31, 11:55:49.098, 869872309145, vstest.console.dll, DataCollectionRequestSender.SendBeforeTestRunStartAndGetResult: Received message: (DataCollection.SendMessage) -> {"MessageType":"DataCollection.SendMessage","Payload":{"FriendlyName":null,"Uri":null,"TestCaseId":"00000000-0000-0000-0000-000000000000","Message":"Logging DataCollector Diagnostics in file: C:\\x\\ORION.API\\ORION.Sales.Test\\bin\\Debug\\net8.0\\fine-code-coverage\\coverage-tool-output\\diagnostics.datacollector.24-10-31_11-55-48_27784_5.log","Level":0}}
TpTrace Verbose: 0 : 22544, 5, 2024/10/31, 11:55:49.415, 869875477173, vstest.console.dll, DataCollectionRequestSender.SendBeforeTestRunStartAndGetResult: Received message: (DataCollection.BeforeTestRunStartResult) -> {"MessageType":"DataCollection.BeforeTestRunStartResult","Payload":{"EnvironmentVariables":{},"DataCollectionEventsPort":59523}}
TpTrace Information: 0 : 22544, 5, 2024/10/31, 11:55:49.431, 869875639982, vstest.console.dll, ProxyDataCollectionManager.BeforeTestRunStart: SendBeforeTestRunStartAndGetResult successful, env variable from datacollector:   and testhost port: 59523
TpTrace Information: 0 : 22544, 5, 2024/10/31, 11:55:49.432, 869875642994, vstest.console.dll, ProxyDataCollectionManager.InvokeDataCollectionServiceAction: Completed.
TpTrace Verbose: 0 : 22544, 5, 2024/10/31, 11:55:49.432, 869875644188, vstest.console.dll, ParallelProxyExecutionManager.StartTestRunOnConcurrentManager: Initializing test run. Started clients: 0
TpTrace Verbose: 0 : 22544, 5, 2024/10/31, 11:55:49.432, 869875647433, vstest.console.dll, ProxyExecutionManager: Test host is always Lazy initialize.
TpTrace Verbose: 0 : 22544, 5, 2024/10/31, 11:55:49.433, 869875654004, vstest.console.dll, TestRequestSender.InitializeCommunication: initialize communication. 
TpTrace Information: 0 : 22544, 5, 2024/10/31, 11:55:49.434, 869875668647, vstest.console.dll, SocketServer.Start: Listening on endpoint : 127.0.0.1:59524
TpTrace Verbose: 0 : 22544, 5, 2024/10/31, 11:55:49.436, 869875688257, vstest.console.dll, DotnetTestHostmanager.GetTestHostProcessStartInfo: Platform environment 'X64' target architecture 'X64' framework '.NETCoreApp,Version=v8.0' OS 'Windows'
TpTrace Verbose: 0 : 22544, 5, 2024/10/31, 11:55:49.437, 869875694563, vstest.console.dll, DotnetTestHostmanager: Adding  --runtimeconfig "C:\x\ORION.API\ORION.Sales.Test\bin\Debug\net8.0\fine-code-coverage\build-output\ORION.Sales.Test.runtimeconfig.json" in args
TpTrace Verbose: 0 : 22544, 5, 2024/10/31, 11:55:49.437, 869875697936, vstest.console.dll, DotnetTestHostmanager: Adding  --depsfile "C:\x\ORION.API\ORION.Sales.Test\bin\Debug\net8.0\fine-code-coverage\build-output\ORION.Sales.Test.deps.json" in args
TpTrace Verbose: 0 : 22544, 5, 2024/10/31, 11:55:49.438, 869875709505, vstest.console.dll, DotnetTestHostmanager.IsWinOnArm: Current PROCESSOR_ARCHITECTURE from environment variable 'AMD64'
TpTrace Verbose: 0 : 22544, 5, 2024/10/31, 11:55:49.439, 869875713449, vstest.console.dll, DotnetTestHostmanager.IsWinOnArm: Is Windows on ARM 'False'
TpTrace Verbose: 0 : 22544, 5, 2024/10/31, 11:55:49.439, 869875717588, vstest.console.dll, DotnetTestHostManager: testhost.exe found at path: C:\x\ORION.API\ORION.Sales.Test\bin\Debug\net8.0\fine-code-coverage\build-output\testhost.exe
TpTrace Verbose: 0 : 22544, 5, 2024/10/31, 11:55:49.439, 869875720442, vstest.console.dll, DotnetTestHostmanager: Full path of host exe is C:\x\ORION.API\ORION.Sales.Test\bin\Debug\net8.0\fine-code-coverage\build-output\testhost.exe
TpTrace Verbose: 0 : 22544, 5, 2024/10/31, 11:55:49.440, 869875725077, vstest.console.dll, DotnetTestHostmanager.LaunchTestHostAsync: Found 'VSTEST_WINAPPHOST_DOTNET_ROOT' in env variables, value 'C:\Program Files\dotnet', forwarding to 'DOTNET_ROOT'
TpTrace Verbose: 0 : 22544, 5, 2024/10/31, 11:55:49.440, 869875729734, vstest.console.dll, DotnetTestHostManager: Starting process 'C:\x\ORION.API\ORION.Sales.Test\bin\Debug\net8.0\fine-code-coverage\build-output\testhost.exe' with command line ' --runtimeconfig "C:\x\ORION.API\ORION.Sales.Test\bin\Debug\net8.0\fine-code-coverage\build-output\ORION.Sales.Test.runtimeconfig.json" --depsfile "C:\x\ORION.API\ORION.Sales.Test\bin\Debug\net8.0\fine-code-coverage\build-output\ORION.Sales.Test.deps.json" --port 59524 --endpoint 127.0.0.1:059524 --role client --parentprocessid 22544 --diag "C:\x\ORION.API\ORION.Sales.Test\bin\Debug\net8.0\fine-code-coverage\coverage-tool-output\diagnostics.host.24-10-31_11-55-49_43571_5.log" --tracelevel 4 --datacollectionport 59523 --telemetryoptedin false'
TpTrace Verbose: 0 : 22544, 5, 2024/10/31, 11:55:49.470, 869876023542, vstest.console.dll, MulticastDelegateUtilities.SafeInvoke: HostProviderEvents.OnHostLaunched: Invoking callback 1/2 for Microsoft.VisualStudio.TestPlatform.CrossPlatEngine.Client.ProxyExecutionManagerWithDataCollection., took 3 ms.
TpTrace Verbose: 0 : 22544, 5, 2024/10/31, 11:55:49.471, 869876035619, vstest.console.dll, Test Runtime launched
TpTrace Verbose: 0 : 22544, 5, 2024/10/31, 11:55:49.471, 869876039057, vstest.console.dll, MulticastDelegateUtilities.SafeInvoke: HostProviderEvents.OnHostLaunched: Invoking callback 2/2 for Microsoft.VisualStudio.TestPlatform.CrossPlatEngine.Client.ProxyOperationManager., took 1 ms.
TpTrace Verbose: 0 : 22544, 5, 2024/10/31, 11:55:49.472, 869876043829, vstest.console.dll, TestRequestSender.WaitForRequestHandlerConnection: waiting for connection with timeout: 90000.
TpTrace Verbose: 0 : 22544, 5, 2024/10/31, 11:55:50.044, 869881762622, vstest.console.dll, TestRequestSender.WaitForRequestHandlerConnection: waiting took 571 ms, with timeout 90000 ms, and result 0, which is success.
TpTrace Verbose: 0 : 22544, 12, 2024/10/31, 11:55:50.044, 869881762686, vstest.console.dll, MulticastDelegateUtilities.SafeInvoke: SocketServer: ClientConnected: Invoking callback 1/1 for Microsoft.VisualStudio.TestPlatform.CommunicationUtilities.TestRequestSender., took 0 ms.
TpTrace Verbose: 0 : 22544, 12, 2024/10/31, 11:55:50.044, 869881768393, vstest.console.dll, SocketServer.OnClientConnected: Client connected for endPoint: 127.0.0.1:59524, starting MessageLoopAsync:
TpTrace Verbose: 0 : 22544, 12, 2024/10/31, 11:55:50.046, 869881787002, vstest.console.dll, TcpClientExtensions.MessageLoopAsync: Polling on remoteEndPoint: 127.0.0.1:59525 localEndPoint: 127.0.0.1:59524 after 0 ms
TpTrace Verbose: 0 : 22544, 5, 2024/10/31, 11:55:50.048, 869881806049, vstest.console.dll, TestRequestSender.CheckVersionWithTestHost: Sending check version message: {"MessageType":"ProtocolVersion","Payload":7}
TpTrace Verbose: 0 : 22544, 12, 2024/10/31, 11:55:50.436, 869885683202, vstest.console.dll, TcpClientExtensions.MessageLoopAsync: NotifyDataAvailable remoteEndPoint: 127.0.0.1:59525 localEndPoint: 127.0.0.1:59524
TpTrace Verbose: 0 : 22544, 12, 2024/10/31, 11:55:50.436, 869885688002, vstest.console.dll, TestRequestSender.CheckVersionWithTestHost: onMessageReceived received message: (ProtocolVersion) -> {"MessageType":"ProtocolVersion","Payload":7}
TpTrace Verbose: 0 : 22544, 12, 2024/10/31, 11:55:50.438, 869885708937, vstest.console.dll, MulticastDelegateUtilities.SafeInvoke: LengthPrefixCommunicationChannel: MessageReceived: Invoking callback 1/1 for Microsoft.VisualStudio.TestPlatform.CommunicationUtilities.TestRequestSender+<>c__DisplayClass29_0., took 2 ms.
TpTrace Verbose: 0 : 22544, 12, 2024/10/31, 11:55:50.438, 869885711413, vstest.console.dll, TcpClientExtensions.MessageLoopAsync: Polling on remoteEndPoint: 127.0.0.1:59525 localEndPoint: 127.0.0.1:59524 after 392 ms
TpTrace Verbose: 0 : 22544, 5, 2024/10/31, 11:55:50.439, 869885712174, vstest.console.dll, TestPluginCache.GetExtensionPaths: Filtered extension paths: 
TpTrace Verbose: 0 : 22544, 5, 2024/10/31, 11:55:50.439, 869885713958, vstest.console.dll, TestPluginCache.GetExtensionPaths: Added default extension paths: C:\Program Files\dotnet\sdk\9.0.100-rc.2.24474.11\Extensions\Microsoft.Diagnostics.NETCore.Client.dll
C:\Program Files\dotnet\sdk\9.0.100-rc.2.24474.11\Extensions\Microsoft.TestPlatform.Extensions.BlameDataCollector.dll
C:\Program Files\dotnet\sdk\9.0.100-rc.2.24474.11\Extensions\Microsoft.TestPlatform.Extensions.EventLogCollector.dll
C:\Program Files\dotnet\sdk\9.0.100-rc.2.24474.11\Extensions\Microsoft.TestPlatform.TestHostRuntimeProvider.dll
C:\Program Files\dotnet\sdk\9.0.100-rc.2.24474.11\Extensions\Microsoft.VisualStudio.TestPlatform.Extensions.Html.TestLogger.dll
C:\Program Files\dotnet\sdk\9.0.100-rc.2.24474.11\Extensions\Microsoft.VisualStudio.TestPlatform.Extensions.Trx.TestLogger.dll
TpTrace Verbose: 0 : 22544, 5, 2024/10/31, 11:55:50.439, 869885714815, vstest.console.dll, TestPluginCache.GetExtensionPaths: Added unfilterableExtensionPaths: 
TpTrace Verbose: 0 : 22544, 5, 2024/10/31, 11:55:50.448, 869885803899, vstest.console.dll, TestRequestSender.InitializeExecution: Sending initialize execution with message: {"Version":7,"MessageType":"TestExecution.Initialize","Payload":["C:\\x\\ORION.API\\ORION.Sales.Test\\bin\\Debug\\net8.0\\fine-code-coverage\\build-output\\xunit.runner.visualstudio.testadapter.dll"]}
TpTrace Verbose: 0 : 22544, 5, 2024/10/31, 11:55:50.448, 869885808673, vstest.console.dll, ParallelProxyExecutionManager.StartTestRunOnConcurrentManager: Execution starting. Started clients: 1
TpTrace Verbose: 0 : 22544, 5, 2024/10/31, 11:55:50.449, 869885816257, vstest.console.dll, TestRunRequest:SendTestRunMessage: Starting.
TpTrace Verbose: 0 : 22544, 5, 2024/10/31, 11:55:50.449, 869885820211, vstest.console.dll, MulticastDelegateUtilities.SafeInvoke: TestRun.LogMessages: Invoking callback 1/1 for Microsoft.VisualStudio.TestPlatform.CommandLine.TestRunResultAggregator., took 0 ms.
TpTrace Information: 0 : 22544, 5, 2024/10/31, 11:55:50.449, 869885821281, vstest.console.dll, TestRunRequest:SendTestRunMessage: Completed.
TpTrace Verbose: 0 : 22544, 4, 2024/10/31, 11:55:50.450, 869885827639, vstest.console.dll, MulticastDelegateUtilities.SafeInvoke: InternalTestLoggerEvents.SendTestRunMessage: Invoking callback 1/1 for Microsoft.VisualStudio.TestPlatform.CommandLine.Internal.ConsoleLogger., took 0 ms.
TpTrace Warning: 0 : 22544, 5, 2024/10/31, 11:55:50.450, 869885831211, vstest.console.dll, InferRunSettingsHelper.MakeRunsettingsCompatible: Removing the following settings: TargetPlatform from RunSettings file. To use those settings please move to latest version of Microsoft.NET.Test.Sdk
TpTrace Verbose: 0 : 22544, 12, 2024/10/31, 11:55:50.453, 869885854236, vstest.console.dll, TcpClientExtensions.MessageLoopAsync: NotifyDataAvailable remoteEndPoint: 127.0.0.1:59525 localEndPoint: 127.0.0.1:59524
TpTrace Verbose: 0 : 22544, 12, 2024/10/31, 11:55:50.454, 869885865807, vstest.console.dll, TestRequestSender.OnExecutionMessageReceived: Received message: {"Version":7,"MessageType":"TestSession.Message","Payload":{"MessageLevel":0,"Message":"Logging TestHost Diagnostics in file: C:\\x\\ORION.API\\ORION.Sales.Test\\bin\\Debug\\net8.0\\fine-code-coverage\\coverage-tool-output\\diagnostics.host.24-10-31_11-55-49_43571_5.log"}}
TpTrace Verbose: 0 : 22544, 12, 2024/10/31, 11:55:50.464, 869885964504, vstest.console.dll, TestRunRequest:SendTestRunMessage: Starting.
TpTrace Verbose: 0 : 22544, 12, 2024/10/31, 11:55:50.464, 869885968731, vstest.console.dll, MulticastDelegateUtilities.SafeInvoke: TestRun.LogMessages: Invoking callback 1/1 for Microsoft.VisualStudio.TestPlatform.CommandLine.TestRunResultAggregator., took 0 ms.
TpTrace Verbose: 0 : 22544, 4, 2024/10/31, 11:55:50.464, 869885969297, vstest.console.dll, MulticastDelegateUtilities.SafeInvoke: InternalTestLoggerEvents.SendTestRunMessage: Invoking callback 1/1 for Microsoft.VisualStudio.TestPlatform.CommandLine.Internal.ConsoleLogger., took 0 ms.
TpTrace Information: 0 : 22544, 12, 2024/10/31, 11:55:50.464, 869885970679, vstest.console.dll, TestRunRequest:SendTestRunMessage: Completed.
TpTrace Verbose: 0 : 22544, 12, 2024/10/31, 11:55:50.465, 869885974067, vstest.console.dll, MulticastDelegateUtilities.SafeInvoke: LengthPrefixCommunicationChannel: MessageReceived: Invoking callback 1/1 for Microsoft.VisualStudio.TestPlatform.CommunicationUtilities.TestRequestSender+<>c__DisplayClass34_0., took 11 ms.
TpTrace Verbose: 0 : 22544, 12, 2024/10/31, 11:55:50.465, 869885975423, vstest.console.dll, TcpClientExtensions.MessageLoopAsync: Polling on remoteEndPoint: 127.0.0.1:59525 localEndPoint: 127.0.0.1:59524 after 26 ms
TpTrace Verbose: 0 : 22544, 5, 2024/10/31, 11:55:50.487, 869886201415, vstest.console.dll, TestRequestSender.StartTestRun: Sending test run with message: {"Version":7,"MessageType":"TestExecution.StartWithSources","Payload":{"AdapterSourceMap":{"_none_":["C:\\x\\ORION.API\\ORION.Sales.Test\\bin\\Debug\\net8.0\\fine-code-coverage\\build-output\\ORION.Sales.Test.dll"]},"RunSettings":"<RunSettings>\r\n  <RunConfiguration>\r\n    <ResultsDirectory>C:\\x\\ORION.API\\ORION.Sales.Test\\bin\\Debug\\net8.0\\fine-code-coverage\\coverage-tool-output</ResultsDirectory>\r\n    <TargetFrameworkVersion>.NETCoreApp,Version=v8.0</TargetFrameworkVersion>\r\n    <DesignMode>False</DesignMode>\r\n    <CollectSourceInformation>False</CollectSourceInformation>\r\n  </RunConfiguration>\r\n  <LoggerRunSettings>\r\n    <Loggers>\r\n      <Logger friendlyName=\"blame\" enabled=\"True\" />\r\n      <Logger friendlyName=\"Console\" uri=\"logger://microsoft/TestPlatform/ConsoleLogger/v1\" assemblyQualifiedName=\"Microsoft.VisualStudio.TestPlatform.CommandLine.Internal.ConsoleLogger, vstest.console, Version=15.0.0.0, Culture=neutral, PublicKeyToken=b03f5f7f11d50a3a\" codeBase=\"C:\\Program Files\\dotnet\\sdk\\9.0.100-rc.2.24474.11\\vstest.console.dll\" enabled=\"True\" />\r\n    </Loggers>\r\n  </LoggerRunSettings>\r\n  <DataCollectionRunSettings>\r\n    <DataCollectors>\r\n      <DataCollector friendlyName=\"blame\" enabled=\"True\">\r\n        <Configuration>\r\n          <ResultsDirectory>C:\\x\\ORION.API\\ORION.Sales.Test\\bin\\Debug\\net8.0\\fine-code-coverage\\coverage-tool-output</ResultsDirectory>\r\n        </Configuration>\r\n      </DataCollector>\r\n    </DataCollectors>\r\n  </DataCollectionRunSettings>\r\n</RunSettings>","TestExecutionContext":{"FrequencyOfRunStatsChangeEvent":10,"RunStatsChangeEventTimeout":"00:00:01.5000000","InIsolation":false,"KeepAlive":false,"AreTestCaseLevelEventsRequired":false,"IsDebug":false,"TestCaseFilter":null,"FilterOptions":null},"Package":null}}
TpTrace Verbose: 0 : 22544, 5, 2024/10/31, 11:55:50.488, 869886205952, vstest.console.dll, ParallelProxyExecutionManager.StartTestRunOnConcurrentManager: Execution started. Started clients: 1
TpTrace Verbose: 0 : 22544, 12, 2024/10/31, 11:55:51.055, 869891874664, vstest.console.dll, TcpClientExtensions.MessageLoopAsync: NotifyDataAvailable remoteEndPoint: 127.0.0.1:59525 localEndPoint: 127.0.0.1:59524
TpTrace Verbose: 0 : 22544, 12, 2024/10/31, 11:55:51.055, 869891879591, vstest.console.dll, TestRequestSender.OnExecutionMessageReceived: Received message: {"Version":7,"MessageType":"TestSession.Message","Payload":{"MessageLevel":0,"Message":"[xUnit.net 00:00:00.01] xUnit.net VSTest Adapter v2.8.1+ce9211e970 (64-bit .NET 8.0.8)"}}
TpTrace Verbose: 0 : 22544, 12, 2024/10/31, 11:55:51.056, 869891885633, vstest.console.dll, TestRunRequest:SendTestRunMessage: Starting.
TpTrace Verbose: 0 : 22544, 12, 2024/10/31, 11:55:51.056, 869891888408, vstest.console.dll, MulticastDelegateUtilities.SafeInvoke: TestRun.LogMessages: Invoking callback 1/1 for Microsoft.VisualStudio.TestPlatform.CommandLine.TestRunResultAggregator., took 0 ms.
TpTrace Verbose: 0 : 22544, 4, 2024/10/31, 11:55:51.056, 869891889297, vstest.console.dll, MulticastDelegateUtilities.SafeInvoke: InternalTestLoggerEvents.SendTestRunMessage: Invoking callback 1/1 for Microsoft.VisualStudio.TestPlatform.CommandLine.Internal.ConsoleLogger., took 0 ms.
TpTrace Information: 0 : 22544, 12, 2024/10/31, 11:55:51.056, 869891889823, vstest.console.dll, TestRunRequest:SendTestRunMessage: Completed.
TpTrace Verbose: 0 : 22544, 12, 2024/10/31, 11:55:51.057, 869891894361, vstest.console.dll, MulticastDelegateUtilities.SafeInvoke: LengthPrefixCommunicationChannel: MessageReceived: Invoking callback 1/1 for Microsoft.VisualStudio.TestPlatform.CommunicationUtilities.TestRequestSender+<>c__DisplayClass34_0., took 1 ms.
TpTrace Verbose: 0 : 22544, 12, 2024/10/31, 11:55:51.057, 869891895936, vstest.console.dll, TcpClientExtensions.MessageLoopAsync: Polling on remoteEndPoint: 127.0.0.1:59525 localEndPoint: 127.0.0.1:59524 after 591 ms
TpTrace Verbose: 0 : 22544, 12, 2024/10/31, 11:55:51.297, 869894297539, vstest.console.dll, TcpClientExtensions.MessageLoopAsync: NotifyDataAvailable remoteEndPoint: 127.0.0.1:59525 localEndPoint: 127.0.0.1:59524
TpTrace Verbose: 0 : 22544, 12, 2024/10/31, 11:55:51.298, 869894301961, vstest.console.dll, TestRequestSender.OnExecutionMessageReceived: Received message: {"Version":7,"MessageType":"TestSession.Message","Payload":{"MessageLevel":0,"Message":"[xUnit.net 00:00:00.26]   Discovering: ORION.Sales.Test"}}
TpTrace Verbose: 0 : 22544, 12, 2024/10/31, 11:55:51.298, 869894305589, vstest.console.dll, TestRunRequest:SendTestRunMessage: Starting.
TpTrace Verbose: 0 : 22544, 12, 2024/10/31, 11:55:51.298, 869894307725, vstest.console.dll, MulticastDelegateUtilities.SafeInvoke: TestRun.LogMessages: Invoking callback 1/1 for Microsoft.VisualStudio.TestPlatform.CommandLine.TestRunResultAggregator., took 0 ms.
TpTrace Verbose: 0 : 22544, 4, 2024/10/31, 11:55:51.298, 869894308570, vstest.console.dll, MulticastDelegateUtilities.SafeInvoke: InternalTestLoggerEvents.SendTestRunMessage: Invoking callback 1/1 for Microsoft.VisualStudio.TestPlatform.CommandLine.Internal.ConsoleLogger., took 0 ms.
TpTrace Information: 0 : 22544, 12, 2024/10/31, 11:55:51.298, 869894308969, vstest.console.dll, TestRunRequest:SendTestRunMessage: Completed.
TpTrace Verbose: 0 : 22544, 12, 2024/10/31, 11:55:51.299, 869894312226, vstest.console.dll, MulticastDelegateUtilities.SafeInvoke: LengthPrefixCommunicationChannel: MessageReceived: Invoking callback 1/1 for Microsoft.VisualStudio.TestPlatform.CommunicationUtilities.TestRequestSender+<>c__DisplayClass34_0., took 1 ms.
TpTrace Verbose: 0 : 22544, 12, 2024/10/31, 11:55:51.299, 869894313466, vstest.console.dll, TcpClientExtensions.MessageLoopAsync: Polling on remoteEndPoint: 127.0.0.1:59525 localEndPoint: 127.0.0.1:59524 after 241 ms
TpTrace Verbose: 0 : 22544, 12, 2024/10/31, 11:55:51.420, 869895527148, vstest.console.dll, TcpClientExtensions.MessageLoopAsync: NotifyDataAvailable remoteEndPoint: 127.0.0.1:59525 localEndPoint: 127.0.0.1:59524
TpTrace Verbose: 0 : 22544, 12, 2024/10/31, 11:55:51.420, 869895531235, vstest.console.dll, TestRequestSender.OnExecutionMessageReceived: Received message: {"Version":7,"MessageType":"TestSession.Message","Payload":{"MessageLevel":0,"Message":"[xUnit.net 00:00:00.38]   Discovered:  ORION.Sales.Test"}}
TpTrace Verbose: 0 : 22544, 12, 2024/10/31, 11:55:51.421, 869895534960, vstest.console.dll, TestRunRequest:SendTestRunMessage: Starting.
TpTrace Verbose: 0 : 22544, 12, 2024/10/31, 11:55:51.421, 869895537467, vstest.console.dll, MulticastDelegateUtilities.SafeInvoke: TestRun.LogMessages: Invoking callback 1/1 for Microsoft.VisualStudio.TestPlatform.CommandLine.TestRunResultAggregator., took 0 ms.
TpTrace Information: 0 : 22544, 12, 2024/10/31, 11:55:51.421, 869895539127, vstest.console.dll, TestRunRequest:SendTestRunMessage: Completed.
TpTrace Verbose: 0 : 22544, 4, 2024/10/31, 11:55:51.421, 869895538401, vstest.console.dll, MulticastDelegateUtilities.SafeInvoke: InternalTestLoggerEvents.SendTestRunMessage: Invoking callback 1/1 for Microsoft.VisualStudio.TestPlatform.CommandLine.Internal.ConsoleLogger., took 0 ms.
TpTrace Verbose: 0 : 22544, 12, 2024/10/31, 11:55:51.421, 869895540705, vstest.console.dll, MulticastDelegateUtilities.SafeInvoke: LengthPrefixCommunicationChannel: MessageReceived: Invoking callback 1/1 for Microsoft.VisualStudio.TestPlatform.CommunicationUtilities.TestRequestSender+<>c__DisplayClass34_0., took 0 ms.
TpTrace Verbose: 0 : 22544, 12, 2024/10/31, 11:55:51.422, 869895544875, vstest.console.dll, TcpClientExtensions.MessageLoopAsync: Polling on remoteEndPoint: 127.0.0.1:59525 localEndPoint: 127.0.0.1:59524 after 123 ms
TpTrace Verbose: 0 : 22544, 12, 2024/10/31, 11:55:51.434, 869895666262, vstest.console.dll, TcpClientExtensions.MessageLoopAsync: NotifyDataAvailable remoteEndPoint: 127.0.0.1:59525 localEndPoint: 127.0.0.1:59524
TpTrace Verbose: 0 : 22544, 12, 2024/10/31, 11:55:51.434, 869895669834, vstest.console.dll, TestRequestSender.OnExecutionMessageReceived: Received message: {"Version":7,"MessageType":"TestSession.Message","Payload":{"MessageLevel":0,"Message":"[xUnit.net 00:00:00.39]   Starting:    ORION.Sales.Test"}}
TpTrace Verbose: 0 : 22544, 12, 2024/10/31, 11:55:51.435, 869895673464, vstest.console.dll, TestRunRequest:SendTestRunMessage: Starting.
TpTrace Verbose: 0 : 22544, 12, 2024/10/31, 11:55:51.435, 869895675742, vstest.console.dll, MulticastDelegateUtilities.SafeInvoke: TestRun.LogMessages: Invoking callback 1/1 for Microsoft.VisualStudio.TestPlatform.CommandLine.TestRunResultAggregator., took 0 ms.
TpTrace Verbose: 0 : 22544, 4, 2024/10/31, 11:55:51.435, 869895676817, vstest.console.dll, MulticastDelegateUtilities.SafeInvoke: InternalTestLoggerEvents.SendTestRunMessage: Invoking callback 1/1 for Microsoft.VisualStudio.TestPlatform.CommandLine.Internal.ConsoleLogger., took 0 ms.
TpTrace Information: 0 : 22544, 12, 2024/10/31, 11:55:51.435, 869895677146, vstest.console.dll, TestRunRequest:SendTestRunMessage: Completed.
TpTrace Verbose: 0 : 22544, 12, 2024/10/31, 11:55:51.435, 869895681345, vstest.console.dll, MulticastDelegateUtilities.SafeInvoke: LengthPrefixCommunicationChannel: MessageReceived: Invoking callback 1/1 for Microsoft.VisualStudio.TestPlatform.CommunicationUtilities.TestRequestSender+<>c__DisplayClass34_0., took 1 ms.
TpTrace Verbose: 0 : 22544, 12, 2024/10/31, 11:55:51.436, 869895683077, vstest.console.dll, TcpClientExtensions.MessageLoopAsync: Polling on remoteEndPoint: 127.0.0.1:59525 localEndPoint: 127.0.0.1:59524 after 13 ms
TpTrace Verbose: 0 : 22544, 12, 2024/10/31, 11:55:52.330, 869904622974, vstest.console.dll, TcpClientExtensions.MessageLoopAsync: NotifyDataAvailable remoteEndPoint: 127.0.0.1:59525 localEndPoint: 127.0.0.1:59524
TpTrace Verbose: 0 : 22544, 12, 2024/10/31, 11:55:52.330, 869904628466, vstest.console.dll, TestRequestSender.OnExecutionMessageReceived: Received message: {"Version":7,"MessageType":"TestExecution.StatsChange","Payload":{"NewTestResults":[{"TestCase":{"Id":"bf0a9cf2-e01a-d692-eace-fb3ba61a1903","FullyQualifiedName":"ORION.Sales.Test.CourseTests.CourseConstructor_ConstructCourse_IsNewMustBeTrue","DisplayName":"ORION.Sales.Test.CourseTests.CourseConstructor_ConstructCourse_IsNewMustBeTrue","ExecutorUri":"executor://xunit/VsTestRunner2/netcoreapp","Source":"C:\\x\\ORION.API\\ORION.Sales.Test\\bin\\Debug\\net8.0\\fine-code-coverage\\build-output\\ORION.Sales.Test.dll","CodeFilePath":null,"LineNumber":0,"Properties":[]},"Attachments":[],"Outcome":1,"ErrorMessage":null,"ErrorStackTrace":null,"DisplayName":"ORION.Sales.Test.CourseTests.CourseConstructor_ConstructCourse_IsNewMustBeTrue","Messages":[],"ComputerName":"OPTIMUS-PRIME","Duration":"00:00:00.0178004","StartTime":"2024-10-31T09:55:51.6685272+00:00","EndTime":"2024-10-31T09:55:51.6686267+00:00","Properties":[]}],"TestRunStatistics":{"ExecutedTests":1,"Stats":{"Passed":1}},"ActiveTests":[{"Id":"7fdcf035-1ff9-c6eb-81f0-8e6bc696b0fe","FullyQualifiedName":"ORION.Sales.Test.AnotherTestClass.SlowTest2","DisplayName":"ORION.Sales.Test.AnotherTestClass.SlowTest2","ExecutorUri":"executor://xunit/VsTestRunner2/netcoreapp","Source":"C:\\x\\ORION.API\\ORION.Sales.Test\\bin\\Debug\\net8.0\\fine-code-coverage\\build-output\\ORION.Sales.Test.dll","CodeFilePath":null,"LineNumber":0,"Properties":[]}]}}
TpTrace Verbose: 0 : 22544, 12, 2024/10/31, 11:55:52.383, 869905160194, vstest.console.dll, TestRunRequest:SendTestRunStatsChange: Starting.
TpTrace Verbose: 0 : 22544, 12, 2024/10/31, 11:55:52.384, 869905163283, vstest.console.dll, InProgress is ORION.Sales.Test.AnotherTestClass.SlowTest2
TpTrace Verbose: 0 : 22544, 12, 2024/10/31, 11:55:52.384, 869905167335, vstest.console.dll, MulticastDelegateUtilities.SafeInvoke: TestRun.RunStatsChanged: Invoking callbacks was skipped because there are no subscribers.
TpTrace Information: 0 : 22544, 12, 2024/10/31, 11:55:52.384, 869905168554, vstest.console.dll, TestRunRequest:SendTestRunStatsChange: Completed.
TpTrace Verbose: 0 : 22544, 12, 2024/10/31, 11:55:52.384, 869905169735, vstest.console.dll, MulticastDelegateUtilities.SafeInvoke: LengthPrefixCommunicationChannel: MessageReceived: Invoking callback 1/1 for Microsoft.VisualStudio.TestPlatform.CommunicationUtilities.TestRequestSender+<>c__DisplayClass34_0., took 54 ms.
TpTrace Verbose: 0 : 22544, 12, 2024/10/31, 11:55:52.384, 869905170814, vstest.console.dll, TcpClientExtensions.MessageLoopAsync: Polling on remoteEndPoint: 127.0.0.1:59525 localEndPoint: 127.0.0.1:59524 after 948 ms
TpTrace Verbose: 0 : 22544, 4, 2024/10/31, 11:55:52.394, 869905264492, vstest.console.dll, MulticastDelegateUtilities.SafeInvoke: InternalTestLoggerEvents.SendTestResult: Invoking callback 1/1 for Microsoft.VisualStudio.TestPlatform.CommandLine.Internal.ConsoleLogger., took 9 ms.
TpTrace Verbose: 0 : 22544, 12, 2024/10/31, 11:55:53.389, 869915220096, vstest.console.dll, TcpClientExtensions.MessageLoopAsync: Polling on remoteEndPoint: 127.0.0.1:59525 localEndPoint: 127.0.0.1:59524 after 1004 ms
